#
# There is insufficient memory for the Java Runtime Environment to continue.
# Native memory allocation (mmap) failed to map 406847488 bytes for G1 virtual space
# Possible reasons:
#   The system is out of physical RAM or swap space
#   The process is running with CompressedOops enabled, and the Java Heap may be blocking the growth of the native heap
# Possible solutions:
#   Reduce memory load on the system
#   Increase physical memory or swap space
#   Check if swap backing store is full
#   Decrease Java heap size (-Xmx/-Xms)
#   Decrease number of Java threads
#   Decrease Java thread stack sizes (-Xss)
#   Set larger code cache with -XX:ReservedCodeCacheSize=
#   JVM is running with Unscaled Compressed Oops mode in which the Java heap is
#     placed in the first 4GB address space. The Java Heap base address is the
#     maximum limit for the native heap growth. Please use -XX:HeapBaseMinAddress
#     to set the Java Heap base and to place the Java Heap above 4GB virtual address.
# This output file may be truncated or incomplete.
#
#  Out of Memory Error (os_windows.cpp:3548), pid=41576, tid=2264
#
# JRE version: Java(TM) SE Runtime Environment (17.0.12+8) (build 17.0.12+8-LTS-286)
# Java VM: Java HotSpot(TM) 64-Bit Server VM (17.0.12+8-LTS-286, mixed mode, sharing, tiered, compressed oops, compressed class ptrs, g1 gc, windows-amd64)
# No core dump will be written. Minidumps are not enabled by default on client versions of Windows
#

---------------  S U M M A R Y ------------

Command Line: --add-opens=java.base/java.lang=ALL-UNNAMED --add-opens=java.base/java.lang.invoke=ALL-UNNAMED --add-opens=java.base/java.util=ALL-UNNAMED --add-opens=java.prefs/java.util.prefs=ALL-UNNAMED --add-exports=jdk.compiler/com.sun.tools.javac.api=ALL-UNNAMED --add-exports=jdk.compiler/com.sun.tools.javac.util=ALL-UNNAMED --add-opens=java.base/java.util=ALL-UNNAMED --add-opens=java.prefs/java.util.prefs=ALL-UNNAMED --add-opens=java.base/java.nio.charset=ALL-UNNAMED --add-opens=java.base/java.net=ALL-UNNAMED --add-opens=java.base/java.util.concurrent=ALL-UNNAMED --add-opens=java.base/java.util.concurrent.atomic=ALL-UNNAMED --add-opens=java.xml/javax.xml.namespace=ALL-UNNAMED -XX:MaxMetaspaceSize=768m -XX:+UseG1GC -XX:MaxGCPauseMillis=200 --add-opens=java.base/java.lang=ALL-UNNAMED --add-opens=java.base/java.util=ALL-UNNAMED --add-opens=java.base/java.io=ALL-UNNAMED --add-opens=java.base/java.lang.reflect=ALL-UNNAMED -Xms256m -Xmx2048m -Dfile.encoding=UTF-8 -Duser.country=IN -Duser.language=en -Duser.variant -javaagent:C:\Users\hp\.gradle\wrapper\dists\gradle-9.0.0-bin\d6wjpkvcgsg3oed0qlfss3wgl\gradle-9.0.0\lib\agents\gradle-instrumentation-agent-9.0.0.jar org.gradle.launcher.daemon.bootstrap.GradleDaemon 9.0.0

Host: 12th Gen Intel(R) Core(TM) i5-1235U, 12 cores, 7G,  Windows 11 , 64 bit Build 26100 (10.0.26100.7705)
Time: Wed Mar 11 17:30:46 2026 India Standard Time elapsed time: 161.213758 seconds (0d 0h 2m 41s)

---------------  T H R E A D  ---------------

Current thread (0x0000026044a283c0):  VMThread "VM Thread" [stack: 0x00000077d8200000,0x00000077d8300000] [id=2264]

Stack: [0x00000077d8200000,0x00000077d8300000]
Native frames: (J=compiled Java code, j=interpreted, Vv=VM code, C=native code)
V  [jvm.dll+0x67a04a]
V  [jvm.dll+0x7da4ed]
V  [jvm.dll+0x7dbe33]
V  [jvm.dll+0x7dc4a3]
V  [jvm.dll+0x24508f]
V  [jvm.dll+0x677089]
V  [jvm.dll+0x66bd32]
V  [jvm.dll+0x301fa6]
V  [jvm.dll+0x309546]
V  [jvm.dll+0x359d2e]
V  [jvm.dll+0x359f5f]
V  [jvm.dll+0x2d9078]
V  [jvm.dll+0x2d74ad]
V  [jvm.dll+0x2d6afc]
V  [jvm.dll+0x31a65b]
V  [jvm.dll+0x7e0d9b]
V  [jvm.dll+0x7e1ad4]
V  [jvm.dll+0x7e1fed]
V  [jvm.dll+0x7e23c4]
V  [jvm.dll+0x7e2490]
V  [jvm.dll+0x78abea]
V  [jvm.dll+0x678f35]
C  [ucrtbase.dll+0x37b0]
C  [KERNEL32.DLL+0x2e8d7]
C  [ntdll.dll+0x8c40c]

VM_Operation (0x00000077dacfe210): G1CollectForAllocation, mode: safepoint, requested by thread 0x0000026073629b30


---------------  P R O C E S S  ---------------

Threads class SMR info:
_java_thread_list=0x000002607d96e120, length=80, elements={
0x0000026024685cf0, 0x0000026044a31a10, 0x0000026044a325d0, 0x0000026044a3e620,
0x0000026044b5d1c0, 0x0000026044b5db80, 0x0000026044b5e540, 0x0000026044b61a50,
0x0000026044b62450, 0x0000026044b63d70, 0x0000026044c6add0, 0x0000026044d420e0,
0x0000026071b29860, 0x00000260722f9c40, 0x00000260723c2500, 0x0000026044c859e0,
0x0000026071bdc200, 0x00000260725290d0, 0x0000026072527780, 0x0000026072528bc0,
0x0000026072527c90, 0x00000260725286b0, 0x0000026072525e30, 0x00000260725295e0,
0x0000026072526340, 0x0000026072526850, 0x0000026072527270, 0x00000260725281a0,
0x0000026072526d60, 0x0000026073629b30, 0x000002607362a550, 0x000002607362aa60,
0x000002607362a040, 0x000002607362b990, 0x00000260736286f0, 0x000002607362c8c0,
0x0000026073629110, 0x000002607362cdd0, 0x000002607362e720, 0x0000026075528c80,
0x0000026075529190, 0x00000260755296a0, 0x0000026075529bb0, 0x0000026075b4fc00,
0x0000026072558b90, 0x00000260725590a0, 0x0000026075a43a90, 0x0000026075dd3fd0,
0x0000026075dd3ac0, 0x0000026075e435e0, 0x0000026075dd30a0, 0x0000026073dcc060,
0x0000026073dcc570, 0x0000026075b4dda0, 0x0000026075dd35b0, 0x00000260735f2fa0,
0x00000260735f34b0, 0x0000026075e43af0, 0x0000026075e44000, 0x0000026072e98c80,
0x0000026072e99190, 0x0000026072e97330, 0x0000026072e97840, 0x0000026075dd44e0,
0x000002607736ad40, 0x0000026077373f20, 0x000002607736bc70, 0x000002607736c180,
0x0000026071b6b3a0, 0x000002607362e210, 0x000002607736c690, 0x000002607736b250,
0x0000026077374430, 0x0000026077373500, 0x0000026076b88a40, 0x0000026075620e10,
0x000002607561fee0, 0x0000026075620900, 0x0000026075621830, 0x0000026076b89970
}

Java Threads: ( => current thread )
  0x0000026024685cf0 JavaThread "main" [_thread_blocked, id=41772, stack(0x00000077d7c00000,0x00000077d7d00000)]
  0x0000026044a31a10 JavaThread "Reference Handler" daemon [_thread_blocked, id=32564, stack(0x00000077d8300000,0x00000077d8400000)]
  0x0000026044a325d0 JavaThread "Finalizer" daemon [_thread_blocked, id=25576, stack(0x00000077d8400000,0x00000077d8500000)]
  0x0000026044a3e620 JavaThread "Signal Dispatcher" daemon [_thread_blocked, id=43780, stack(0x00000077d8500000,0x00000077d8600000)]
  0x0000026044b5d1c0 JavaThread "Attach Listener" daemon [_thread_blocked, id=10536, stack(0x00000077d8600000,0x00000077d8700000)]
  0x0000026044b5db80 JavaThread "Service Thread" daemon [_thread_blocked, id=33104, stack(0x00000077d8700000,0x00000077d8800000)]
  0x0000026044b5e540 JavaThread "Monitor Deflation Thread" daemon [_thread_blocked, id=21324, stack(0x00000077d8800000,0x00000077d8900000)]
  0x0000026044b61a50 JavaThread "C2 CompilerThread0" daemon [_thread_blocked, id=28728, stack(0x00000077d8900000,0x00000077d8a00000)]
  0x0000026044b62450 JavaThread "C1 CompilerThread0" daemon [_thread_blocked, id=30396, stack(0x00000077d8a00000,0x00000077d8b00000)]
  0x0000026044b63d70 JavaThread "Sweeper thread" daemon [_thread_blocked, id=4020, stack(0x00000077d8b00000,0x00000077d8c00000)]
  0x0000026044c6add0 JavaThread "Common-Cleaner" daemon [_thread_blocked, id=42464, stack(0x00000077d8c00000,0x00000077d8d00000)]
  0x0000026044d420e0 JavaThread "Notification Thread" daemon [_thread_blocked, id=16568, stack(0x00000077d8d00000,0x00000077d8e00000)]
  0x0000026071b29860 JavaThread "Daemon health stats" [_thread_blocked, id=27564, stack(0x00000077d9500000,0x00000077d9600000)]
  0x00000260722f9c40 JavaThread "Incoming local TCP Connector on port 56810" [_thread_in_native, id=36592, stack(0x00000077d8f00000,0x00000077d9000000)]
  0x00000260723c2500 JavaThread "Daemon periodic checks" [_thread_blocked, id=42860, stack(0x00000077d9600000,0x00000077d9700000)]
  0x0000026044c859e0 JavaThread "Daemon" [_thread_blocked, id=9900, stack(0x00000077d9700000,0x00000077d9800000)]
  0x0000026071bdc200 JavaThread "Handler for socket connection from /127.0.0.1:56810 to /127.0.0.1:56811" [_thread_in_native, id=15296, stack(0x00000077d9800000,0x00000077d9900000)]
  0x00000260725290d0 JavaThread "Cancel handler" [_thread_blocked, id=34500, stack(0x00000077d9900000,0x00000077d9a00000)]
  0x0000026072527780 JavaThread "Daemon worker" [_thread_blocked, id=41820, stack(0x00000077d9a00000,0x00000077d9b00000)]
  0x0000026072528bc0 JavaThread "Asynchronous log dispatcher for DefaultDaemonConnection: socket connection from /127.0.0.1:56810 to /127.0.0.1:56811" [_thread_blocked, id=40148, stack(0x00000077d9b00000,0x00000077d9c00000)]
  0x0000026072527c90 JavaThread "Stdin handler" [_thread_blocked, id=20536, stack(0x00000077d9c00000,0x00000077d9d00000)]
  0x00000260725286b0 JavaThread "Daemon client event forwarder" [_thread_blocked, id=11468, stack(0x00000077d9d00000,0x00000077d9e00000)]
  0x0000026072525e30 JavaThread "Cache worker for journal cache (C:\Users\hp\.gradle\caches\journal-1)" [_thread_blocked, id=35472, stack(0x00000077d9f00000,0x00000077da000000)]
  0x00000260725295e0 JavaThread "File lock request listener" [_thread_in_native, id=2460, stack(0x00000077da000000,0x00000077da100000)]
  0x0000026072526340 JavaThread "Cache worker for file hash cache (C:\Users\hp\.gradle\caches\9.0.0\fileHashes)" [_thread_blocked, id=32424, stack(0x00000077d9e00000,0x00000077d9f00000)]
  0x0000026072526850 JavaThread "Cache worker for file hash cache (C:\Users\hp\Desktop\AIB Innovations\TiffinDeliveryFrontend-7\android\.gradle\9.0.0\fileHashes)" [_thread_blocked, id=38300, stack(0x00000077da800000,0x00000077da900000)]
  0x0000026072527270 JavaThread "Cache worker for Build Output Cleanup Cache (C:\Users\hp\Desktop\AIB Innovations\TiffinDeliveryFrontend-7\android\.gradle\buildOutputCleanup)" [_thread_blocked, id=27552, stack(0x00000077da900000,0x00000077daa00000)]
  0x00000260725281a0 JavaThread "File watcher server" daemon [_thread_in_native, id=25252, stack(0x00000077daa00000,0x00000077dab00000)]
  0x0000026072526d60 JavaThread "File watcher consumer" daemon [_thread_blocked, id=17384, stack(0x00000077dab00000,0x00000077dac00000)]
  0x0000026073629b30 JavaThread "Cache worker for checksums cache (C:\Users\hp\Desktop\AIB Innovations\TiffinDeliveryFrontend-7\android\.gradle\9.0.0\checksums)" [_thread_blocked, id=31036, stack(0x00000077dac00000,0x00000077dad00000)]
  0x000002607362a550 JavaThread "Cache worker for file content cache (C:\Users\hp\.gradle\caches\9.0.0\fileContent)" [_thread_blocked, id=39952, stack(0x00000077da100000,0x00000077da200000)]
  0x000002607362aa60 JavaThread "Cache worker for cache directory md-supplier (C:\Users\hp\.gradle\caches\9.0.0\md-supplier)" [_thread_blocked, id=9020, stack(0x00000077dae00000,0x00000077daf00000)]
  0x000002607362a040 JavaThread "Cache worker for cache directory md-rule (C:\Users\hp\.gradle\caches\9.0.0\md-rule)" [_thread_blocked, id=22980, stack(0x00000077daf00000,0x00000077db000000)]
  0x000002607362b990 JavaThread "jar transforms" [_thread_blocked, id=35100, stack(0x00000077db000000,0x00000077db100000)]
  0x00000260736286f0 JavaThread "Cache worker for Build Output Cleanup Cache (C:\Users\hp\Desktop\AIB Innovations\TiffinDeliveryFrontend-7\node_modules\@react-native\gradle-plugin\.gradle\buildOutputCleanup)" [_thread_blocked, id=39332, stack(0x00000077db100000,0x00000077db200000)]
  0x000002607362c8c0 JavaThread "Unconstrained build operations" [_thread_blocked, id=22828, stack(0x00000077dad00000,0x00000077dae00000)]
  0x0000026073629110 JavaThread "Unconstrained build operations Thread 2" [_thread_blocked, id=29072, stack(0x00000077db200000,0x00000077db300000)]
  0x000002607362cdd0 JavaThread "Unconstrained build operations Thread 3" [_thread_blocked, id=28776, stack(0x00000077db300000,0x00000077db400000)]
  0x000002607362e720 JavaThread "Unconstrained build operations Thread 4" [_thread_blocked, id=25120, stack(0x00000077db600000,0x00000077db700000)]
  0x0000026075528c80 JavaThread "Unconstrained build operations Thread 5" [_thread_blocked, id=39300, stack(0x00000077dba00000,0x00000077dbb00000)]
  0x0000026075529190 JavaThread "Unconstrained build operations Thread 6" [_thread_blocked, id=17560, stack(0x00000077dbb00000,0x00000077dbc00000)]
  0x00000260755296a0 JavaThread "build event listener" [_thread_blocked, id=10772, stack(0x00000077dbd00000,0x00000077dbe00000)]
  0x0000026075529bb0 JavaThread "Memory manager" [_thread_blocked, id=29016, stack(0x00000077dbf00000,0x00000077dc000000)]
  0x0000026075b4fc00 JavaThread "ForkJoinPool.commonPool-worker-1" daemon [_thread_blocked, id=26040, stack(0x00000077dc000000,0x00000077dc100000)]
  0x0000026072558b90 JavaThread "ForkJoinPool.commonPool-worker-2" daemon [_thread_blocked, id=37996, stack(0x00000077dc100000,0x00000077dc200000)]
  0x00000260725590a0 JavaThread "ForkJoinPool.commonPool-worker-3" daemon [_thread_blocked, id=21436, stack(0x00000077dc200000,0x00000077dc300000)]
  0x0000026075a43a90 JavaThread "ForkJoinPool.commonPool-worker-4" daemon [_thread_blocked, id=34356, stack(0x00000077dc300000,0x00000077dc400000)]
  0x0000026075dd3fd0 JavaThread "ForkJoinPool.commonPool-worker-6" daemon [_thread_blocked, id=22704, stack(0x00000077dc500000,0x00000077dc600000)]
  0x0000026075dd3ac0 JavaThread "ForkJoinPool.commonPool-worker-7" daemon [_thread_blocked, id=23972, stack(0x00000077dc600000,0x00000077dc700000)]
  0x0000026075e435e0 JavaThread "ForkJoinPool.commonPool-worker-8" daemon [_thread_blocked, id=40404, stack(0x00000077dc700000,0x00000077dc800000)]
  0x0000026075dd30a0 JavaThread "ForkJoinPool.commonPool-worker-9" daemon [_thread_blocked, id=19152, stack(0x00000077dc800000,0x00000077dc900000)]
  0x0000026073dcc060 JavaThread "ForkJoinPool.commonPool-worker-10" daemon [_thread_blocked, id=26876, stack(0x00000077dc900000,0x00000077dca00000)]
  0x0000026073dcc570 JavaThread "ForkJoinPool.commonPool-worker-11" daemon [_thread_blocked, id=33336, stack(0x00000077dca00000,0x00000077dcb00000)]
  0x0000026075b4dda0 JavaThread "included builds" [_thread_blocked, id=23988, stack(0x00000077dcc00000,0x00000077dcd00000)]
  0x0000026075dd35b0 JavaThread "Cache worker for execution history cache (C:\Users\hp\Desktop\AIB Innovations\TiffinDeliveryFrontend-7\node_modules\@react-native\gradle-plugin\.gradle\9.0.0\executionHistory)" [_thread_blocked, id=24136, stack(0x00000077dcd00000,0x00000077dce00000)]
  0x00000260735f2fa0 JavaThread "Unconstrained build operations Thread 7" [_thread_blocked, id=43756, stack(0x00000077dce00000,0x00000077dcf00000)]
  0x00000260735f34b0 JavaThread "Unconstrained build operations Thread 8" [_thread_blocked, id=4204, stack(0x00000077dcf00000,0x00000077dd000000)]
  0x0000026075e43af0 JavaThread "Unconstrained build operations Thread 9" [_thread_blocked, id=10936, stack(0x00000077dd000000,0x00000077dd100000)]
  0x0000026075e44000 JavaThread "WorkerExecutor Queue" [_thread_blocked, id=14704, stack(0x00000077dcb00000,0x00000077dcc00000)]
  0x0000026072e98c80 JavaThread "RMI Scheduler(0)" daemon [_thread_blocked, id=17688, stack(0x00000077dbe00000,0x00000077dbf00000)]
  0x0000026072e99190 JavaThread "RMI GC Daemon" daemon [_thread_blocked, id=42040, stack(0x00000077dd200000,0x00000077dd300000)]
  0x0000026072e97330 JavaThread "RMI TCP Accept-0" daemon [_thread_in_native, id=1584, stack(0x00000077dd300000,0x00000077dd400000)]
  0x0000026072e97840 JavaThread "RMI Reaper" [_thread_blocked, id=28280, stack(0x00000077dd400000,0x00000077dd500000)]
  0x0000026075dd44e0 JavaThread "RMI TCP Connection(idle)" daemon [_thread_blocked, id=40556, stack(0x00000077dd500000,0x00000077dd600000)]
  0x000002607736ad40 JavaThread "Unconstrained build operations Thread 10" [_thread_blocked, id=25820, stack(0x00000077d7900000,0x00000077d7a00000)]
  0x0000026077373f20 JavaThread "RMI TCP Connection(idle)" daemon [_thread_blocked, id=27276, stack(0x00000077d7b00000,0x00000077d7c00000)]
  0x000002607736bc70 JavaThread "jar transforms Thread 2" [_thread_blocked, id=20380, stack(0x00000077dd700000,0x00000077dd800000)]
  0x000002607736c180 JavaThread "jar transforms Thread 3" [_thread_blocked, id=34840, stack(0x00000077dd600000,0x00000077dd700000)]
  0x0000026071b6b3a0 JavaThread "RMI TCP Connection(idle)" daemon [_thread_blocked, id=32276, stack(0x00000077dda00000,0x00000077ddb00000)]
  0x000002607362e210 JavaThread "jar transforms Thread 4" [_thread_blocked, id=6664, stack(0x00000077dc400000,0x00000077dc500000)]
  0x000002607736c690 JavaThread "jar transforms Thread 5" [_thread_blocked, id=19820, stack(0x00000077ddc00000,0x00000077ddd00000)]
  0x000002607736b250 JavaThread "jar transforms Thread 6" [_thread_blocked, id=35852, stack(0x00000077ddd00000,0x00000077dde00000)]
  0x0000026077374430 JavaThread "build event listener" [_thread_blocked, id=33368, stack(0x00000077dd900000,0x00000077dda00000)]
  0x0000026077373500 JavaThread "jar transforms Thread 7" [_thread_blocked, id=22340, stack(0x00000077ddb00000,0x00000077ddc00000)]
  0x0000026076b88a40 JavaThread "jar transforms Thread 8" [_thread_blocked, id=15176, stack(0x00000077dde00000,0x00000077ddf00000)]
  0x0000026075620e10 JavaThread "Problems report writer" [_thread_blocked, id=26172, stack(0x00000077de000000,0x00000077de100000)]
  0x000002607561fee0 JavaThread "jar transforms Thread 9" [_thread_blocked, id=43412, stack(0x00000077de100000,0x00000077de200000)]
  0x0000026075620900 JavaThread "jar transforms Thread 10" [_thread_blocked, id=28220, stack(0x00000077de200000,0x00000077de300000)]
  0x0000026075621830 JavaThread "jar transforms Thread 11" [_thread_blocked, id=28524, stack(0x00000077de300000,0x00000077de400000)]
  0x0000026076b89970 JavaThread "jar transforms Thread 12" [_thread_blocked, id=44028, stack(0x00000077db400000,0x00000077db500000)]

Other Threads:
=>0x0000026044a283c0 VMThread "VM Thread" [stack: 0x00000077d8200000,0x00000077d8300000] [id=2264]
  0x00000260246fa160 WatcherThread [stack: 0x00000077d8e00000,0x00000077d8f00000] [id=9052]
  0x000002602419e800 GCTaskThread "GC Thread#0" [stack: 0x00000077d7d00000,0x00000077d7e00000] [id=39036]
  0x0000026071071760 GCTaskThread "GC Thread#1" [stack: 0x00000077d9000000,0x00000077d9100000] [id=33932]
  0x0000026071247a10 GCTaskThread "GC Thread#2" [stack: 0x00000077d9100000,0x00000077d9200000] [id=39048]
  0x0000026071149930 GCTaskThread "GC Thread#3" [stack: 0x00000077d9200000,0x00000077d9300000] [id=31056]
  0x0000026071226370 GCTaskThread "GC Thread#4" [stack: 0x00000077d9300000,0x00000077d9400000] [id=23576]
  0x0000026071226c50 GCTaskThread "GC Thread#5" [stack: 0x00000077d9400000,0x00000077d9500000] [id=42832]
  0x0000026071449000 GCTaskThread "GC Thread#6" [stack: 0x00000077da200000,0x00000077da300000] [id=24596]
  0x0000026071448500 GCTaskThread "GC Thread#7" [stack: 0x00000077da300000,0x00000077da400000] [id=38536]
  0x0000026071448a80 GCTaskThread "GC Thread#8" [stack: 0x00000077da400000,0x00000077da500000] [id=28664]
  0x0000026071449580 GCTaskThread "GC Thread#9" [stack: 0x00000077da500000,0x00000077da600000] [id=27284]
  0x00000260246eed70 ConcurrentGCThread "G1 Main Marker" [stack: 0x00000077d7e00000,0x00000077d7f00000] [id=3548]
  0x00000260246f11a0 ConcurrentGCThread "G1 Conc#0" [stack: 0x00000077d7f00000,0x00000077d8000000] [id=27696]
  0x00000260714492c0 ConcurrentGCThread "G1 Conc#1" [stack: 0x00000077da600000,0x00000077da700000] [id=24844]
  0x0000026071449840 ConcurrentGCThread "G1 Conc#2" [stack: 0x00000077da700000,0x00000077da800000] [id=36072]
  0x000002602473ecc0 ConcurrentGCThread "G1 Refine#0" [stack: 0x00000077d8000000,0x00000077d8100000] [id=12928]
  0x00000260764d9e40 ConcurrentGCThread "G1 Refine#1" [stack: 0x00000077db700000,0x00000077db800000] [id=25832]
  0x00000260764dafe0 ConcurrentGCThread "G1 Refine#2" [stack: 0x00000077db800000,0x00000077db900000] [id=4960]
  0x00000260764d8ca0 ConcurrentGCThread "G1 Refine#3" [stack: 0x00000077db900000,0x00000077dba00000] [id=7200]
  0x00000260448e0fc0 ConcurrentGCThread "G1 Service" [stack: 0x00000077d8100000,0x00000077d8200000] [id=1880]

Threads with active compile tasks:
C2 CompilerThread0   161256 18681       4       com.sun.org.apache.xerces.internal.dom.NamedNodeMapImpl::findNamePoint (105 bytes)

VM state: at safepoint (normal execution)

VM Mutex/Monitor currently owned by a thread:  ([mutex/lock_event])
[0x000002602467f310] Threads_lock - owner thread: 0x0000026044a283c0
[0x000002602467fdc0] Heap_lock - owner thread: 0x0000026073629b30

Heap address: 0x0000000080000000, size: 2048 MB, Compressed Oops mode: 32-bit

CDS archive(s) mapped at: [0x0000026045000000-0x0000026045bd0000-0x0000026045bd0000), size 12386304, SharedBaseAddress: 0x0000026045000000, ArchiveRelocationMode: 1.
Compressed class space mapped at: 0x0000026046000000-0x000002606d000000, reserved size: 654311424
Narrow klass base: 0x0000026045000000, Narrow klass shift: 0, Narrow klass range: 0x100000000

GC Precious Log:
 CPUs: 12 total, 12 available
 Memory: 7863M
 Large Page Support: Disabled
 NUMA Support: Disabled
 Compressed Oops: Enabled (32-bit)
 Heap Region Size: 1M
 Heap Min Capacity: 256M
 Heap Initial Capacity: 256M
 Heap Max Capacity: 2G
 Pre-touch: Disabled
 Parallel Workers: 10
 Concurrent Workers: 3
 Concurrent Refinement Workers: 10
 Periodic GC: Disabled

Heap:
 garbage-first heap   total 262144K, used 157780K [0x0000000080000000, 0x0000000100000000)
  region size 1024K, 3 young (3072K), 3 survivors (3072K)
 Metaspace       used 128757K, committed 130368K, reserved 770048K
  class space    used 17843K, committed 18624K, reserved 638976K

Heap Regions: E=young(eden), S=young(survivor), O=old, HS=humongous(starts), HC=humongous(continues), CS=collection set, F=free, OA=open archive, CA=closed archive, TAMS=top-at-mark-start (previous, next)
|   0|0x0000000080000000, 0x0000000080100000, 0x0000000080100000|100%|HS|  |TAMS 0x0000000080100000, 0x0000000080000000| Complete 
|   1|0x0000000080100000, 0x0000000080200000, 0x0000000080200000|100%|HC|  |TAMS 0x0000000080200000, 0x0000000080100000| Complete 
|   2|0x0000000080200000, 0x0000000080300000, 0x0000000080300000|100%|HC|  |TAMS 0x0000000080300000, 0x0000000080200000| Complete 
|   3|0x0000000080300000, 0x0000000080400000, 0x0000000080400000|100%| O|  |TAMS 0x0000000080400000, 0x0000000080300000| Untracked 
|   4|0x0000000080400000, 0x0000000080500000, 0x0000000080500000|100%| O|  |TAMS 0x0000000080500000, 0x0000000080400000| Untracked 
|   5|0x0000000080500000, 0x0000000080600000, 0x0000000080600000|100%| O|  |TAMS 0x0000000080600000, 0x0000000080500000| Untracked 
|   6|0x0000000080600000, 0x0000000080700000, 0x0000000080700000|100%|HS|  |TAMS 0x0000000080700000, 0x0000000080600000| Complete 
|   7|0x0000000080700000, 0x0000000080800000, 0x0000000080800000|100%| O|  |TAMS 0x0000000080800000, 0x0000000080700000| Untracked 
|   8|0x0000000080800000, 0x0000000080900000, 0x0000000080900000|100%| O|  |TAMS 0x0000000080900000, 0x0000000080800000| Untracked 
|   9|0x0000000080900000, 0x0000000080a00000, 0x0000000080a00000|100%| O|  |TAMS 0x0000000080a00000, 0x0000000080900000| Untracked 
|  10|0x0000000080a00000, 0x0000000080b00000, 0x0000000080b00000|100%| O|  |TAMS 0x0000000080b00000, 0x0000000080a00000| Untracked 
|  11|0x0000000080b00000, 0x0000000080c00000, 0x0000000080c00000|100%| O|  |TAMS 0x0000000080c00000, 0x0000000080b00000| Untracked 
|  12|0x0000000080c00000, 0x0000000080d00000, 0x0000000080d00000|100%| O|  |TAMS 0x0000000080d00000, 0x0000000080c00000| Untracked 
|  13|0x0000000080d00000, 0x0000000080e00000, 0x0000000080e00000|100%| O|  |TAMS 0x0000000080e00000, 0x0000000080d00000| Untracked 
|  14|0x0000000080e00000, 0x0000000080f00000, 0x0000000080f00000|100%| O|  |TAMS 0x0000000080f00000, 0x0000000080e00000| Untracked 
|  15|0x0000000080f00000, 0x0000000081000000, 0x0000000081000000|100%| O|  |TAMS 0x0000000081000000, 0x0000000080f00000| Untracked 
|  16|0x0000000081000000, 0x0000000081100000, 0x0000000081100000|100%| O|  |TAMS 0x0000000081100000, 0x0000000081000000| Untracked 
|  17|0x0000000081100000, 0x0000000081200000, 0x0000000081200000|100%| O|  |TAMS 0x0000000081200000, 0x0000000081100000| Untracked 
|  18|0x0000000081200000, 0x0000000081300000, 0x0000000081300000|100%| O|  |TAMS 0x0000000081300000, 0x0000000081200000| Untracked 
|  19|0x0000000081300000, 0x0000000081400000, 0x0000000081400000|100%| O|  |TAMS 0x0000000081400000, 0x0000000081300000| Untracked 
|  20|0x0000000081400000, 0x0000000081500000, 0x0000000081500000|100%| O|  |TAMS 0x0000000081500000, 0x0000000081400000| Untracked 
|  21|0x0000000081500000, 0x0000000081600000, 0x0000000081600000|100%| O|  |TAMS 0x0000000081600000, 0x0000000081500000| Untracked 
|  22|0x0000000081600000, 0x0000000081700000, 0x0000000081700000|100%| O|  |TAMS 0x0000000081700000, 0x0000000081600000| Untracked 
|  23|0x0000000081700000, 0x0000000081800000, 0x0000000081800000|100%| O|  |TAMS 0x0000000081800000, 0x0000000081700000| Untracked 
|  24|0x0000000081800000, 0x0000000081900000, 0x0000000081900000|100%| O|  |TAMS 0x0000000081900000, 0x0000000081800000| Untracked 
|  25|0x0000000081900000, 0x0000000081a00000, 0x0000000081a00000|100%| O|  |TAMS 0x0000000081a00000, 0x0000000081900000| Untracked 
|  26|0x0000000081a00000, 0x0000000081b00000, 0x0000000081b00000|100%| O|  |TAMS 0x0000000081b00000, 0x0000000081a00000| Untracked 
|  27|0x0000000081b00000, 0x0000000081c00000, 0x0000000081c00000|100%| O|  |TAMS 0x0000000081c00000, 0x0000000081b00000| Untracked 
|  28|0x0000000081c00000, 0x0000000081d00000, 0x0000000081d00000|100%| O|  |TAMS 0x0000000081d00000, 0x0000000081c00000| Untracked 
|  29|0x0000000081d00000, 0x0000000081e00000, 0x0000000081e00000|100%|HS|  |TAMS 0x0000000081e00000, 0x0000000081d00000| Complete 
|  30|0x0000000081e00000, 0x0000000081f00000, 0x0000000081f00000|100%|HC|  |TAMS 0x0000000081f00000, 0x0000000081e00000| Complete 
|  31|0x0000000081f00000, 0x0000000082000000, 0x0000000082000000|100%|HC|  |TAMS 0x0000000082000000, 0x0000000081f00000| Complete 
|  32|0x0000000082000000, 0x0000000082100000, 0x0000000082100000|100%|HS|  |TAMS 0x0000000082100000, 0x0000000082000000| Complete 
|  33|0x0000000082100000, 0x0000000082200000, 0x0000000082200000|100%|HC|  |TAMS 0x0000000082200000, 0x0000000082100000| Complete 
|  34|0x0000000082200000, 0x0000000082300000, 0x0000000082300000|100%|HC|  |TAMS 0x0000000082300000, 0x0000000082200000| Complete 
|  35|0x0000000082300000, 0x0000000082400000, 0x0000000082400000|100%| O|  |TAMS 0x0000000082400000, 0x0000000082300000| Untracked 
|  36|0x0000000082400000, 0x0000000082500000, 0x0000000082500000|100%| O|  |TAMS 0x0000000082500000, 0x0000000082400000| Untracked 
|  37|0x0000000082500000, 0x0000000082600000, 0x0000000082600000|100%| O|  |TAMS 0x0000000082600000, 0x0000000082500000| Untracked 
|  38|0x0000000082600000, 0x0000000082700000, 0x0000000082700000|100%| O|  |TAMS 0x0000000082700000, 0x0000000082600000| Untracked 
|  39|0x0000000082700000, 0x0000000082800000, 0x0000000082800000|100%| O|  |TAMS 0x0000000082800000, 0x0000000082700000| Untracked 
|  40|0x0000000082800000, 0x0000000082900000, 0x0000000082900000|100%| O|  |TAMS 0x0000000082900000, 0x0000000082800000| Untracked 
|  41|0x0000000082900000, 0x0000000082a00000, 0x0000000082a00000|100%| O|  |TAMS 0x0000000082a00000, 0x0000000082900000| Untracked 
|  42|0x0000000082a00000, 0x0000000082b00000, 0x0000000082b00000|100%| O|  |TAMS 0x0000000082b00000, 0x0000000082a00000| Untracked 
|  43|0x0000000082b00000, 0x0000000082c00000, 0x0000000082c00000|100%| O|  |TAMS 0x0000000082c00000, 0x0000000082b00000| Untracked 
|  44|0x0000000082c00000, 0x0000000082d00000, 0x0000000082d00000|100%| O|  |TAMS 0x0000000082d00000, 0x0000000082c00000| Untracked 
|  45|0x0000000082d00000, 0x0000000082e00000, 0x0000000082e00000|100%| O|  |TAMS 0x0000000082e00000, 0x0000000082d00000| Untracked 
|  46|0x0000000082e00000, 0x0000000082f00000, 0x0000000082f00000|100%| O|  |TAMS 0x0000000082f00000, 0x0000000082e00000| Untracked 
|  47|0x0000000082f00000, 0x0000000083000000, 0x0000000083000000|100%| O|  |TAMS 0x0000000083000000, 0x0000000082f00000| Untracked 
|  48|0x0000000083000000, 0x0000000083100000, 0x0000000083100000|100%| O|  |TAMS 0x0000000083100000, 0x0000000083000000| Untracked 
|  49|0x0000000083100000, 0x0000000083200000, 0x0000000083200000|100%| O|  |TAMS 0x0000000083200000, 0x0000000083100000| Untracked 
|  50|0x0000000083200000, 0x0000000083300000, 0x0000000083300000|100%| O|  |TAMS 0x0000000083300000, 0x0000000083200000| Untracked 
|  51|0x0000000083300000, 0x0000000083400000, 0x0000000083400000|100%| O|  |TAMS 0x0000000083400000, 0x0000000083300000| Untracked 
|  52|0x0000000083400000, 0x0000000083500000, 0x0000000083500000|100%| O|  |TAMS 0x0000000083500000, 0x0000000083400000| Untracked 
|  53|0x0000000083500000, 0x0000000083600000, 0x0000000083600000|100%| O|  |TAMS 0x0000000083600000, 0x0000000083500000| Untracked 
|  54|0x0000000083600000, 0x0000000083700000, 0x0000000083700000|100%| O|  |TAMS 0x0000000083700000, 0x0000000083600000| Untracked 
|  55|0x0000000083700000, 0x0000000083800000, 0x0000000083800000|100%| O|  |TAMS 0x0000000083800000, 0x0000000083700000| Untracked 
|  56|0x0000000083800000, 0x0000000083900000, 0x0000000083900000|100%| O|  |TAMS 0x0000000083900000, 0x0000000083800000| Untracked 
|  57|0x0000000083900000, 0x0000000083a00000, 0x0000000083a00000|100%| O|  |TAMS 0x0000000083a00000, 0x0000000083900000| Untracked 
|  58|0x0000000083a00000, 0x0000000083b00000, 0x0000000083b00000|100%|HS|  |TAMS 0x0000000083b00000, 0x0000000083a00000| Complete 
|  59|0x0000000083b00000, 0x0000000083c00000, 0x0000000083c00000|100%| O|  |TAMS 0x0000000083c00000, 0x0000000083b00000| Untracked 
|  60|0x0000000083c00000, 0x0000000083d00000, 0x0000000083d00000|100%| O|  |TAMS 0x0000000083d00000, 0x0000000083c00000| Untracked 
|  61|0x0000000083d00000, 0x0000000083e00000, 0x0000000083e00000|100%| O|  |TAMS 0x0000000083e00000, 0x0000000083d00000| Untracked 
|  62|0x0000000083e00000, 0x0000000083f00000, 0x0000000083f00000|100%| O|  |TAMS 0x0000000083f00000, 0x0000000083e00000| Untracked 
|  63|0x0000000083f00000, 0x0000000084000000, 0x0000000084000000|100%| O|  |TAMS 0x0000000084000000, 0x0000000083f00000| Untracked 
|  64|0x0000000084000000, 0x0000000084100000, 0x0000000084100000|100%| O|  |TAMS 0x0000000084100000, 0x0000000084000000| Untracked 
|  65|0x0000000084100000, 0x0000000084200000, 0x0000000084200000|100%| O|  |TAMS 0x0000000084200000, 0x0000000084100000| Untracked 
|  66|0x0000000084200000, 0x0000000084300000, 0x0000000084300000|100%| O|  |TAMS 0x0000000084300000, 0x0000000084200000| Untracked 
|  67|0x0000000084300000, 0x0000000084400000, 0x0000000084400000|100%| O|  |TAMS 0x0000000084400000, 0x0000000084300000| Untracked 
|  68|0x0000000084400000, 0x0000000084500000, 0x0000000084500000|100%| O|  |TAMS 0x0000000084500000, 0x0000000084400000| Untracked 
|  69|0x0000000084500000, 0x0000000084600000, 0x0000000084600000|100%| O|  |TAMS 0x0000000084600000, 0x0000000084500000| Untracked 
|  70|0x0000000084600000, 0x0000000084700000, 0x0000000084700000|100%| O|  |TAMS 0x0000000084700000, 0x0000000084600000| Untracked 
|  71|0x0000000084700000, 0x0000000084800000, 0x0000000084800000|100%| O|  |TAMS 0x0000000084800000, 0x0000000084700000| Untracked 
|  72|0x0000000084800000, 0x0000000084900000, 0x0000000084900000|100%| O|  |TAMS 0x0000000084900000, 0x0000000084800000| Untracked 
|  73|0x0000000084900000, 0x0000000084a00000, 0x0000000084a00000|100%| O|  |TAMS 0x0000000084900000, 0x0000000084900000| Untracked 
|  74|0x0000000084a00000, 0x0000000084b00000, 0x0000000084b00000|100%| O|  |TAMS 0x0000000084b00000, 0x0000000084a00000| Untracked 
|  75|0x0000000084b00000, 0x0000000084c00000, 0x0000000084c00000|100%|HS|  |TAMS 0x0000000084c00000, 0x0000000084b00000| Complete 
|  76|0x0000000084c00000, 0x0000000084d00000, 0x0000000084d00000|100%|HS|  |TAMS 0x0000000084d00000, 0x0000000084c00000| Complete 
|  77|0x0000000084d00000, 0x0000000084e00000, 0x0000000084e00000|100%|HS|  |TAMS 0x0000000084e00000, 0x0000000084d00000| Complete 
|  78|0x0000000084e00000, 0x0000000084f00000, 0x0000000084f00000|100%| O|  |TAMS 0x0000000084f00000, 0x0000000084e00000| Untracked 
|  79|0x0000000084f00000, 0x0000000085000000, 0x0000000085000000|100%| O|  |TAMS 0x0000000085000000, 0x0000000084f00000| Untracked 
|  80|0x0000000085000000, 0x0000000085100000, 0x0000000085100000|100%| O|  |TAMS 0x0000000085100000, 0x0000000085000000| Untracked 
|  81|0x0000000085100000, 0x0000000085200000, 0x0000000085200000|100%| O|  |TAMS 0x0000000085200000, 0x0000000085100000| Untracked 
|  82|0x0000000085200000, 0x0000000085300000, 0x0000000085300000|100%| O|  |TAMS 0x0000000085300000, 0x0000000085200000| Untracked 
|  83|0x0000000085300000, 0x0000000085400000, 0x0000000085400000|100%| O|  |TAMS 0x0000000085400000, 0x0000000085300000| Untracked 
|  84|0x0000000085400000, 0x0000000085500000, 0x0000000085500000|100%| O|  |TAMS 0x0000000085500000, 0x0000000085400000| Untracked 
|  85|0x0000000085500000, 0x0000000085600000, 0x0000000085600000|100%| O|  |TAMS 0x0000000085600000, 0x0000000085500000| Untracked 
|  86|0x0000000085600000, 0x0000000085700000, 0x0000000085700000|100%| O|  |TAMS 0x0000000085700000, 0x0000000085600000| Untracked 
|  87|0x0000000085700000, 0x0000000085800000, 0x0000000085800000|100%| O|  |TAMS 0x0000000085800000, 0x0000000085700000| Untracked 
|  88|0x0000000085800000, 0x0000000085900000, 0x0000000085900000|100%| O|  |TAMS 0x0000000085900000, 0x0000000085800000| Untracked 
|  89|0x0000000085900000, 0x0000000085900000, 0x0000000085a00000|  0%| F|  |TAMS 0x0000000085900000, 0x0000000085900000| Untracked 
|  90|0x0000000085a00000, 0x0000000085a00000, 0x0000000085b00000|  0%| F|  |TAMS 0x0000000085a00000, 0x0000000085a00000| Untracked 
|  91|0x0000000085b00000, 0x0000000085c00000, 0x0000000085c00000|100%| O|  |TAMS 0x0000000085c00000, 0x0000000085b00000| Untracked 
|  92|0x0000000085c00000, 0x0000000085d00000, 0x0000000085d00000|100%| O|  |TAMS 0x0000000085d00000, 0x0000000085c00000| Untracked 
|  93|0x0000000085d00000, 0x0000000085e00000, 0x0000000085e00000|100%| O|  |TAMS 0x0000000085e00000, 0x0000000085d00000| Untracked 
|  94|0x0000000085e00000, 0x0000000085f00000, 0x0000000085f00000|100%| O|  |TAMS 0x0000000085e00000, 0x0000000085e00000| Untracked 
|  95|0x0000000085f00000, 0x0000000086000000, 0x0000000086000000|100%|HS|  |TAMS 0x0000000086000000, 0x0000000085f00000| Complete 
|  96|0x0000000086000000, 0x0000000086100000, 0x0000000086100000|100%|HS|  |TAMS 0x0000000086100000, 0x0000000086000000| Complete 
|  97|0x0000000086100000, 0x0000000086200000, 0x0000000086200000|100%| O|  |TAMS 0x0000000086200000, 0x0000000086100000| Untracked 
|  98|0x0000000086200000, 0x0000000086300000, 0x0000000086300000|100%| O|  |TAMS 0x0000000086300000, 0x0000000086200000| Untracked 
|  99|0x0000000086300000, 0x0000000086400000, 0x0000000086400000|100%| O|  |TAMS 0x0000000086400000, 0x0000000086300000| Untracked 
| 100|0x0000000086400000, 0x0000000086500000, 0x0000000086500000|100%| O|  |TAMS 0x0000000086500000, 0x0000000086400000| Untracked 
| 101|0x0000000086500000, 0x0000000086600000, 0x0000000086600000|100%|HS|  |TAMS 0x0000000086600000, 0x0000000086500000| Complete 
| 102|0x0000000086600000, 0x0000000086700000, 0x0000000086700000|100%| O|  |TAMS 0x0000000086700000, 0x0000000086600000| Untracked 
| 103|0x0000000086700000, 0x0000000086800000, 0x0000000086800000|100%|HS|  |TAMS 0x0000000086800000, 0x0000000086700000| Complete 
| 104|0x0000000086800000, 0x0000000086900000, 0x0000000086900000|100%|HC|  |TAMS 0x0000000086900000, 0x0000000086800000| Complete 
| 105|0x0000000086900000, 0x0000000086a00000, 0x0000000086a00000|100%|HC|  |TAMS 0x0000000086a00000, 0x0000000086900000| Complete 
| 106|0x0000000086a00000, 0x0000000086b00000, 0x0000000086b00000|100%| O|  |TAMS 0x0000000086b00000, 0x0000000086a00000| Untracked 
| 107|0x0000000086b00000, 0x0000000086c00000, 0x0000000086c00000|100%| O|  |TAMS 0x0000000086c00000, 0x0000000086b00000| Untracked 
| 108|0x0000000086c00000, 0x0000000086d00000, 0x0000000086d00000|100%| O|  |TAMS 0x0000000086d00000, 0x0000000086c00000| Untracked 
| 109|0x0000000086d00000, 0x0000000086e00000, 0x0000000086e00000|100%| O|  |TAMS 0x0000000086e00000, 0x0000000086d00000| Untracked 
| 110|0x0000000086e00000, 0x0000000086f00000, 0x0000000086f00000|100%| O|  |TAMS 0x0000000086f00000, 0x0000000086e00000| Untracked 
| 111|0x0000000086f00000, 0x0000000087000000, 0x0000000087000000|100%| O|  |TAMS 0x0000000087000000, 0x0000000086f00000| Untracked 
| 112|0x0000000087000000, 0x0000000087100000, 0x0000000087100000|100%| O|  |TAMS 0x0000000087100000, 0x0000000087000000| Untracked 
| 113|0x0000000087100000, 0x0000000087200000, 0x0000000087200000|100%| O|  |TAMS 0x0000000087200000, 0x0000000087100000| Untracked 
| 114|0x0000000087200000, 0x0000000087300000, 0x0000000087300000|100%| O|  |TAMS 0x0000000087300000, 0x0000000087200000| Untracked 
| 115|0x0000000087300000, 0x0000000087400000, 0x0000000087400000|100%| O|  |TAMS 0x0000000087400000, 0x0000000087300000| Untracked 
| 116|0x0000000087400000, 0x0000000087500000, 0x0000000087500000|100%| O|  |TAMS 0x0000000087500000, 0x0000000087400000| Untracked 
| 117|0x0000000087500000, 0x0000000087600000, 0x0000000087600000|100%| O|  |TAMS 0x0000000087600000, 0x0000000087500000| Untracked 
| 118|0x0000000087600000, 0x0000000087700000, 0x0000000087700000|100%| O|  |TAMS 0x0000000087700000, 0x0000000087600000| Untracked 
| 119|0x0000000087700000, 0x0000000087800000, 0x0000000087800000|100%| O|  |TAMS 0x0000000087800000, 0x0000000087700000| Untracked 
| 120|0x0000000087800000, 0x0000000087900000, 0x0000000087900000|100%| O|  |TAMS 0x0000000087900000, 0x0000000087800000| Untracked 
| 121|0x0000000087900000, 0x0000000087a00000, 0x0000000087a00000|100%| O|  |TAMS 0x0000000087a00000, 0x0000000087900000| Untracked 
| 122|0x0000000087a00000, 0x0000000087b00000, 0x0000000087b00000|100%| O|  |TAMS 0x0000000087b00000, 0x0000000087a00000| Untracked 
| 123|0x0000000087b00000, 0x0000000087c00000, 0x0000000087c00000|100%| O|  |TAMS 0x0000000087c00000, 0x0000000087b00000| Untracked 
| 124|0x0000000087c00000, 0x0000000087d00000, 0x0000000087d00000|100%| O|  |TAMS 0x0000000087d00000, 0x0000000087c00000| Untracked 
| 125|0x0000000087d00000, 0x0000000087e00000, 0x0000000087e00000|100%| O|  |TAMS 0x0000000087e00000, 0x0000000087d00000| Untracked 
| 126|0x0000000087e00000, 0x0000000087f00000, 0x0000000087f00000|100%| O|  |TAMS 0x0000000087f00000, 0x0000000087e00000| Untracked 
| 127|0x0000000087f00000, 0x0000000088000000, 0x0000000088000000|100%| O|  |TAMS 0x0000000088000000, 0x0000000087f00000| Untracked 
| 128|0x0000000088000000, 0x0000000088100000, 0x0000000088100000|100%| O|  |TAMS 0x0000000088100000, 0x0000000088000000| Untracked 
| 129|0x0000000088100000, 0x0000000088200000, 0x0000000088200000|100%| O|  |TAMS 0x0000000088200000, 0x0000000088100000| Untracked 
| 130|0x0000000088200000, 0x0000000088300000, 0x0000000088300000|100%| O|  |TAMS 0x0000000088300000, 0x0000000088200000| Untracked 
| 131|0x0000000088300000, 0x0000000088400000, 0x0000000088400000|100%| O|  |TAMS 0x0000000088400000, 0x0000000088300000| Untracked 
| 132|0x0000000088400000, 0x0000000088500000, 0x0000000088500000|100%| O|  |TAMS 0x0000000088500000, 0x0000000088400000| Untracked 
| 133|0x0000000088500000, 0x0000000088600000, 0x0000000088600000|100%| O|  |TAMS 0x0000000088600000, 0x0000000088500000| Untracked 
| 134|0x0000000088600000, 0x0000000088700000, 0x0000000088700000|100%| O|  |TAMS 0x0000000088700000, 0x0000000088600000| Untracked 
| 135|0x0000000088700000, 0x0000000088800000, 0x0000000088800000|100%| O|  |TAMS 0x0000000088800000, 0x0000000088700000| Untracked 
| 136|0x0000000088800000, 0x0000000088900000, 0x0000000088900000|100%| O|  |TAMS 0x0000000088900000, 0x0000000088800000| Untracked 
| 137|0x0000000088900000, 0x0000000088a00000, 0x0000000088a00000|100%| O|  |TAMS 0x0000000088a00000, 0x0000000088900000| Untracked 
| 138|0x0000000088a00000, 0x0000000088b00000, 0x0000000088b00000|100%| O|  |TAMS 0x0000000088af6000, 0x0000000088a00000| Untracked 
| 139|0x0000000088b00000, 0x0000000088c00000, 0x0000000088c00000|100%| O|  |TAMS 0x0000000088b00000, 0x0000000088b00000| Untracked 
| 140|0x0000000088c00000, 0x0000000088d00000, 0x0000000088d00000|100%| O|  |TAMS 0x0000000088c00000, 0x0000000088c00000| Untracked 
| 141|0x0000000088d00000, 0x0000000088e00000, 0x0000000088e00000|100%| O|  |TAMS 0x0000000088d00000, 0x0000000088d00000| Untracked 
| 142|0x0000000088e00000, 0x0000000088f00000, 0x0000000088f00000|100%| O|  |TAMS 0x0000000088e00000, 0x0000000088e00000| Untracked 
| 143|0x0000000088f00000, 0x0000000089000000, 0x0000000089000000|100%| O|  |TAMS 0x0000000088f00000, 0x0000000088f00000| Untracked 
| 144|0x0000000089000000, 0x0000000089100000, 0x0000000089100000|100%| O|  |TAMS 0x0000000089000000, 0x0000000089000000| Untracked 
| 145|0x0000000089100000, 0x0000000089200000, 0x0000000089200000|100%| O|  |TAMS 0x0000000089100000, 0x0000000089100000| Untracked 
| 146|0x0000000089200000, 0x0000000089300000, 0x0000000089300000|100%| O|  |TAMS 0x0000000089200000, 0x0000000089200000| Untracked 
| 147|0x0000000089300000, 0x0000000089400000, 0x0000000089400000|100%| O|  |TAMS 0x0000000089300000, 0x0000000089300000| Untracked 
| 148|0x0000000089400000, 0x0000000089500000, 0x0000000089500000|100%| O|  |TAMS 0x0000000089400000, 0x0000000089400000| Untracked 
| 149|0x0000000089500000, 0x0000000089600000, 0x0000000089600000|100%| O|  |TAMS 0x0000000089500000, 0x0000000089500000| Untracked 
| 150|0x0000000089600000, 0x0000000089700000, 0x0000000089700000|100%| O|  |TAMS 0x0000000089600000, 0x0000000089600000| Untracked 
| 151|0x0000000089700000, 0x0000000089800000, 0x0000000089800000|100%| O|  |TAMS 0x0000000089700000, 0x0000000089700000| Untracked 
| 152|0x0000000089800000, 0x0000000089900000, 0x0000000089900000|100%| O|  |TAMS 0x0000000089800000, 0x0000000089800000| Untracked 
| 153|0x0000000089900000, 0x000000008995f000, 0x0000000089a00000| 37%| O|  |TAMS 0x0000000089900000, 0x0000000089900000| Untracked 
| 154|0x0000000089a00000, 0x0000000089a00000, 0x0000000089b00000|  0%| F|  |TAMS 0x0000000089a00000, 0x0000000089a00000| Untracked 
| 155|0x0000000089b00000, 0x0000000089b00000, 0x0000000089c00000|  0%| F|  |TAMS 0x0000000089b00000, 0x0000000089b00000| Untracked 
| 156|0x0000000089c00000, 0x0000000089c00000, 0x0000000089d00000|  0%| F|  |TAMS 0x0000000089c00000, 0x0000000089c00000| Untracked 
| 157|0x0000000089d00000, 0x0000000089d00000, 0x0000000089e00000|  0%| F|  |TAMS 0x0000000089d00000, 0x0000000089d00000| Untracked 
| 158|0x0000000089e00000, 0x0000000089e00000, 0x0000000089f00000|  0%| F|  |TAMS 0x0000000089e00000, 0x0000000089e00000| Untracked 
| 159|0x0000000089f00000, 0x0000000089f00000, 0x000000008a000000|  0%| F|  |TAMS 0x0000000089f00000, 0x0000000089f00000| Untracked 
| 160|0x000000008a000000, 0x000000008a000000, 0x000000008a100000|  0%| F|  |TAMS 0x000000008a000000, 0x000000008a000000| Untracked 
| 161|0x000000008a100000, 0x000000008a100000, 0x000000008a200000|  0%| F|  |TAMS 0x000000008a100000, 0x000000008a100000| Untracked 
| 162|0x000000008a200000, 0x000000008a200000, 0x000000008a300000|  0%| F|  |TAMS 0x000000008a200000, 0x000000008a200000| Untracked 
| 163|0x000000008a300000, 0x000000008a300000, 0x000000008a400000|  0%| F|  |TAMS 0x000000008a300000, 0x000000008a300000| Untracked 
| 164|0x000000008a400000, 0x000000008a400000, 0x000000008a500000|  0%| F|  |TAMS 0x000000008a400000, 0x000000008a400000| Untracked 
| 165|0x000000008a500000, 0x000000008a500000, 0x000000008a600000|  0%| F|  |TAMS 0x000000008a500000, 0x000000008a500000| Untracked 
| 166|0x000000008a600000, 0x000000008a600000, 0x000000008a700000|  0%| F|  |TAMS 0x000000008a600000, 0x000000008a600000| Untracked 
| 167|0x000000008a700000, 0x000000008a700000, 0x000000008a800000|  0%| F|  |TAMS 0x000000008a700000, 0x000000008a700000| Untracked 
| 168|0x000000008a800000, 0x000000008a800000, 0x000000008a900000|  0%| F|  |TAMS 0x000000008a800000, 0x000000008a800000| Untracked 
| 169|0x000000008a900000, 0x000000008a900000, 0x000000008aa00000|  0%| F|  |TAMS 0x000000008a900000, 0x000000008a900000| Untracked 
| 170|0x000000008aa00000, 0x000000008aa00000, 0x000000008ab00000|  0%| F|  |TAMS 0x000000008aa00000, 0x000000008aa00000| Untracked 
| 171|0x000000008ab00000, 0x000000008ab00000, 0x000000008ac00000|  0%| F|  |TAMS 0x000000008ab00000, 0x000000008ab00000| Untracked 
| 172|0x000000008ac00000, 0x000000008ac00000, 0x000000008ad00000|  0%| F|  |TAMS 0x000000008ac00000, 0x000000008ac00000| Untracked 
| 173|0x000000008ad00000, 0x000000008ad00000, 0x000000008ae00000|  0%| F|  |TAMS 0x000000008ad00000, 0x000000008ad00000| Untracked 
| 174|0x000000008ae00000, 0x000000008ae00000, 0x000000008af00000|  0%| F|  |TAMS 0x000000008ae00000, 0x000000008ae00000| Untracked 
| 175|0x000000008af00000, 0x000000008af00000, 0x000000008b000000|  0%| F|  |TAMS 0x000000008af00000, 0x000000008af00000| Untracked 
| 176|0x000000008b000000, 0x000000008b000000, 0x000000008b100000|  0%| F|  |TAMS 0x000000008b000000, 0x000000008b000000| Untracked 
| 177|0x000000008b100000, 0x000000008b100000, 0x000000008b200000|  0%| F|  |TAMS 0x000000008b100000, 0x000000008b100000| Untracked 
| 178|0x000000008b200000, 0x000000008b200000, 0x000000008b300000|  0%| F|  |TAMS 0x000000008b200000, 0x000000008b200000| Untracked 
| 179|0x000000008b300000, 0x000000008b300000, 0x000000008b400000|  0%| F|  |TAMS 0x000000008b300000, 0x000000008b300000| Untracked 
| 180|0x000000008b400000, 0x000000008b400000, 0x000000008b500000|  0%| F|  |TAMS 0x000000008b400000, 0x000000008b400000| Untracked 
| 181|0x000000008b500000, 0x000000008b500000, 0x000000008b600000|  0%| F|  |TAMS 0x000000008b500000, 0x000000008b500000| Untracked 
| 182|0x000000008b600000, 0x000000008b600000, 0x000000008b700000|  0%| F|  |TAMS 0x000000008b600000, 0x000000008b600000| Untracked 
| 183|0x000000008b700000, 0x000000008b700000, 0x000000008b800000|  0%| F|  |TAMS 0x000000008b700000, 0x000000008b700000| Untracked 
| 184|0x000000008b800000, 0x000000008b800000, 0x000000008b900000|  0%| F|  |TAMS 0x000000008b800000, 0x000000008b800000| Untracked 
| 185|0x000000008b900000, 0x000000008b900000, 0x000000008ba00000|  0%| F|  |TAMS 0x000000008b900000, 0x000000008b900000| Untracked 
| 186|0x000000008ba00000, 0x000000008ba00000, 0x000000008bb00000|  0%| F|  |TAMS 0x000000008ba00000, 0x000000008ba00000| Untracked 
| 187|0x000000008bb00000, 0x000000008bb00000, 0x000000008bc00000|  0%| F|  |TAMS 0x000000008bb00000, 0x000000008bb00000| Untracked 
| 188|0x000000008bc00000, 0x000000008bc00000, 0x000000008bd00000|  0%| F|  |TAMS 0x000000008bc00000, 0x000000008bc00000| Untracked 
| 189|0x000000008bd00000, 0x000000008bd00000, 0x000000008be00000|  0%| F|  |TAMS 0x000000008bd00000, 0x000000008bd00000| Untracked 
| 190|0x000000008be00000, 0x000000008be00000, 0x000000008bf00000|  0%| F|  |TAMS 0x000000008be00000, 0x000000008be00000| Untracked 
| 191|0x000000008bf00000, 0x000000008bf00000, 0x000000008c000000|  0%| F|  |TAMS 0x000000008bf00000, 0x000000008bf00000| Untracked 
| 192|0x000000008c000000, 0x000000008c000000, 0x000000008c100000|  0%| F|  |TAMS 0x000000008c000000, 0x000000008c000000| Untracked 
| 193|0x000000008c100000, 0x000000008c1b6250, 0x000000008c200000| 71%| S|CS|TAMS 0x000000008c100000, 0x000000008c100000| Complete 
| 194|0x000000008c200000, 0x000000008c300000, 0x000000008c300000|100%| S|CS|TAMS 0x000000008c200000, 0x000000008c200000| Complete 
| 195|0x000000008c300000, 0x000000008c400000, 0x000000008c400000|100%| S|CS|TAMS 0x000000008c300000, 0x000000008c300000| Complete 
| 196|0x000000008c400000, 0x000000008c400000, 0x000000008c500000|  0%| F|  |TAMS 0x000000008c400000, 0x000000008c400000| Untracked 
| 197|0x000000008c500000, 0x000000008c500000, 0x000000008c600000|  0%| F|  |TAMS 0x000000008c500000, 0x000000008c500000| Untracked 
| 198|0x000000008c600000, 0x000000008c600000, 0x000000008c700000|  0%| F|  |TAMS 0x000000008c600000, 0x000000008c600000| Untracked 
| 199|0x000000008c700000, 0x000000008c700000, 0x000000008c800000|  0%| F|  |TAMS 0x000000008c700000, 0x000000008c700000| Untracked 
| 200|0x000000008c800000, 0x000000008c800000, 0x000000008c900000|  0%| F|  |TAMS 0x000000008c800000, 0x000000008c800000| Untracked 
| 201|0x000000008c900000, 0x000000008c900000, 0x000000008ca00000|  0%| F|  |TAMS 0x000000008c900000, 0x000000008c900000| Untracked 
| 202|0x000000008ca00000, 0x000000008ca00000, 0x000000008cb00000|  0%| F|  |TAMS 0x000000008ca00000, 0x000000008ca00000| Untracked 
| 203|0x000000008cb00000, 0x000000008cb00000, 0x000000008cc00000|  0%| F|  |TAMS 0x000000008cb00000, 0x000000008cb00000| Untracked 
| 204|0x000000008cc00000, 0x000000008cc00000, 0x000000008cd00000|  0%| F|  |TAMS 0x000000008cc00000, 0x000000008cc00000| Untracked 
| 205|0x000000008cd00000, 0x000000008cd00000, 0x000000008ce00000|  0%| F|  |TAMS 0x000000008cd00000, 0x000000008cd00000| Untracked 
| 206|0x000000008ce00000, 0x000000008ce00000, 0x000000008cf00000|  0%| F|  |TAMS 0x000000008ce00000, 0x000000008ce00000| Untracked 
| 207|0x000000008cf00000, 0x000000008cf00000, 0x000000008d000000|  0%| F|  |TAMS 0x000000008cf00000, 0x000000008cf00000| Untracked 
| 208|0x000000008d000000, 0x000000008d000000, 0x000000008d100000|  0%| F|  |TAMS 0x000000008d000000, 0x000000008d000000| Untracked 
| 209|0x000000008d100000, 0x000000008d100000, 0x000000008d200000|  0%| F|  |TAMS 0x000000008d100000, 0x000000008d100000| Untracked 
| 210|0x000000008d200000, 0x000000008d200000, 0x000000008d300000|  0%| F|  |TAMS 0x000000008d200000, 0x000000008d200000| Untracked 
| 211|0x000000008d300000, 0x000000008d300000, 0x000000008d400000|  0%| F|  |TAMS 0x000000008d300000, 0x000000008d300000| Untracked 
| 212|0x000000008d400000, 0x000000008d400000, 0x000000008d500000|  0%| F|  |TAMS 0x000000008d400000, 0x000000008d400000| Untracked 
| 213|0x000000008d500000, 0x000000008d500000, 0x000000008d600000|  0%| F|  |TAMS 0x000000008d500000, 0x000000008d500000| Untracked 
| 214|0x000000008d600000, 0x000000008d600000, 0x000000008d700000|  0%| F|  |TAMS 0x000000008d600000, 0x000000008d600000| Untracked 
| 215|0x000000008d700000, 0x000000008d700000, 0x000000008d800000|  0%| F|  |TAMS 0x000000008d700000, 0x000000008d700000| Untracked 
| 216|0x000000008d800000, 0x000000008d800000, 0x000000008d900000|  0%| F|  |TAMS 0x000000008d800000, 0x000000008d800000| Untracked 
| 217|0x000000008d900000, 0x000000008d900000, 0x000000008da00000|  0%| F|  |TAMS 0x000000008d900000, 0x000000008d900000| Untracked 
| 218|0x000000008da00000, 0x000000008da00000, 0x000000008db00000|  0%| F|  |TAMS 0x000000008da00000, 0x000000008da00000| Untracked 
| 219|0x000000008db00000, 0x000000008db00000, 0x000000008dc00000|  0%| F|  |TAMS 0x000000008db00000, 0x000000008db00000| Untracked 
| 220|0x000000008dc00000, 0x000000008dc00000, 0x000000008dd00000|  0%| F|  |TAMS 0x000000008dc00000, 0x000000008dc00000| Untracked 
| 221|0x000000008dd00000, 0x000000008dd00000, 0x000000008de00000|  0%| F|  |TAMS 0x000000008dd00000, 0x000000008dd00000| Untracked 
| 222|0x000000008de00000, 0x000000008de00000, 0x000000008df00000|  0%| F|  |TAMS 0x000000008de00000, 0x000000008de00000| Untracked 
| 223|0x000000008df00000, 0x000000008df00000, 0x000000008e000000|  0%| F|  |TAMS 0x000000008df00000, 0x000000008df00000| Untracked 
| 224|0x000000008e000000, 0x000000008e000000, 0x000000008e100000|  0%| F|  |TAMS 0x000000008e000000, 0x000000008e000000| Untracked 
| 225|0x000000008e100000, 0x000000008e100000, 0x000000008e200000|  0%| F|  |TAMS 0x000000008e100000, 0x000000008e100000| Untracked 
| 226|0x000000008e200000, 0x000000008e200000, 0x000000008e300000|  0%| F|  |TAMS 0x000000008e200000, 0x000000008e200000| Untracked 
| 227|0x000000008e300000, 0x000000008e300000, 0x000000008e400000|  0%| F|  |TAMS 0x000000008e300000, 0x000000008e300000| Untracked 
| 228|0x000000008e400000, 0x000000008e400000, 0x000000008e500000|  0%| F|  |TAMS 0x000000008e400000, 0x000000008e400000| Untracked 
| 229|0x000000008e500000, 0x000000008e500000, 0x000000008e600000|  0%| F|  |TAMS 0x000000008e500000, 0x000000008e500000| Untracked 
| 230|0x000000008e600000, 0x000000008e600000, 0x000000008e700000|  0%| F|  |TAMS 0x000000008e600000, 0x000000008e600000| Untracked 
| 231|0x000000008e700000, 0x000000008e700000, 0x000000008e800000|  0%| F|  |TAMS 0x000000008e700000, 0x000000008e700000| Untracked 
| 232|0x000000008e800000, 0x000000008e800000, 0x000000008e900000|  0%| F|  |TAMS 0x000000008e800000, 0x000000008e800000| Untracked 
| 233|0x000000008e900000, 0x000000008e900000, 0x000000008ea00000|  0%| F|  |TAMS 0x000000008e900000, 0x000000008e900000| Untracked 
| 234|0x000000008ea00000, 0x000000008ea00000, 0x000000008eb00000|  0%| F|  |TAMS 0x000000008ea00000, 0x000000008ea00000| Untracked 
| 235|0x000000008eb00000, 0x000000008eb00000, 0x000000008ec00000|  0%| F|  |TAMS 0x000000008eb00000, 0x000000008eb00000| Untracked 
| 236|0x000000008ec00000, 0x000000008ec00000, 0x000000008ed00000|  0%| F|  |TAMS 0x000000008ec00000, 0x000000008ec00000| Untracked 
| 237|0x000000008ed00000, 0x000000008ed00000, 0x000000008ee00000|  0%| F|  |TAMS 0x000000008ed00000, 0x000000008ed00000| Untracked 
| 238|0x000000008ee00000, 0x000000008ee00000, 0x000000008ef00000|  0%| F|  |TAMS 0x000000008ee00000, 0x000000008ee00000| Untracked 
| 239|0x000000008ef00000, 0x000000008ef00000, 0x000000008f000000|  0%| F|  |TAMS 0x000000008ef00000, 0x000000008ef00000| Untracked 
| 240|0x000000008f000000, 0x000000008f000000, 0x000000008f100000|  0%| F|  |TAMS 0x000000008f000000, 0x000000008f000000| Untracked 
| 241|0x000000008f100000, 0x000000008f100000, 0x000000008f200000|  0%| F|  |TAMS 0x000000008f100000, 0x000000008f100000| Untracked 
| 242|0x000000008f200000, 0x000000008f200000, 0x000000008f300000|  0%| F|  |TAMS 0x000000008f200000, 0x000000008f200000| Untracked 
| 243|0x000000008f300000, 0x000000008f300000, 0x000000008f400000|  0%| F|  |TAMS 0x000000008f300000, 0x000000008f300000| Untracked 
| 244|0x000000008f400000, 0x000000008f400000, 0x000000008f500000|  0%| F|  |TAMS 0x000000008f400000, 0x000000008f400000| Untracked 
| 245|0x000000008f500000, 0x000000008f500000, 0x000000008f600000|  0%| F|  |TAMS 0x000000008f500000, 0x000000008f500000| Untracked 
| 246|0x000000008f600000, 0x000000008f600000, 0x000000008f700000|  0%| F|  |TAMS 0x000000008f600000, 0x000000008f600000| Untracked 
| 247|0x000000008f700000, 0x000000008f700000, 0x000000008f800000|  0%| F|  |TAMS 0x000000008f700000, 0x000000008f700000| Untracked 
| 248|0x000000008f800000, 0x000000008f800000, 0x000000008f900000|  0%| F|  |TAMS 0x000000008f800000, 0x000000008f800000| Untracked 
| 249|0x000000008f900000, 0x000000008f900000, 0x000000008fa00000|  0%| F|  |TAMS 0x000000008f900000, 0x000000008f900000| Untracked 
| 250|0x000000008fa00000, 0x000000008fa00000, 0x000000008fb00000|  0%| F|  |TAMS 0x000000008fa00000, 0x000000008fa00000| Untracked 
| 251|0x000000008fb00000, 0x000000008fb00000, 0x000000008fc00000|  0%| F|  |TAMS 0x000000008fb00000, 0x000000008fb00000| Untracked 
| 252|0x000000008fc00000, 0x000000008fc00000, 0x000000008fd00000|  0%| F|  |TAMS 0x000000008fc00000, 0x000000008fc00000| Untracked 
| 253|0x000000008fd00000, 0x000000008fd00000, 0x000000008fe00000|  0%| F|  |TAMS 0x000000008fd00000, 0x000000008fd00000| Untracked 
| 254|0x000000008fe00000, 0x000000008fe00000, 0x000000008ff00000|  0%| F|  |TAMS 0x000000008fe00000, 0x000000008fe00000| Untracked 
| 255|0x000000008ff00000, 0x000000008ff00000, 0x0000000090000000|  0%| F|  |TAMS 0x000000008ff00000, 0x000000008ff00000| Untracked 

Card table byte_map: [0x000002603d590000,0x000002603d990000] _byte_map_base: 0x000002603d190000

Marking Bits (Prev, Next): (CMBitMap*) 0x00000260246de6c0, (CMBitMap*) 0x00000260246de680
 Prev Bits: [0x000002603fd90000, 0x0000026041d90000)
 Next Bits: [0x000002603dd90000, 0x000002603fd90000)

Polling page: 0x0000026024350000

Metaspace:

Usage:
  Non-class:    108.31 MB used.
      Class:     17.43 MB used.
       Both:    125.74 MB used.

Virtual space:
  Non-class space:      128.00 MB reserved,     109.12 MB ( 85%) committed,  2 nodes.
      Class space:      624.00 MB reserved,      18.19 MB (  3%) committed,  1 nodes.
             Both:      752.00 MB reserved,     127.31 MB ( 17%) committed. 

Chunk freelists:
   Non-Class:  2.72 MB
       Class:  13.86 MB
        Both:  16.58 MB

MaxMetaspaceSize: 768.00 MB
CompressedClassSpaceSize: 624.00 MB
Initial GC threshold: 21.00 MB
Current GC threshold: 207.50 MB
CDS: on
MetaspaceReclaimPolicy: balanced
 - commit_granule_bytes: 65536.
 - commit_granule_words: 8192.
 - virtual_space_node_default_size: 8388608.
 - enlarge_chunks_in_place: 1.
 - new_chunks_are_fully_committed: 0.
 - uncommit_free_chunks: 1.
 - use_allocation_guard: 0.
 - handle_deallocations: 1.


Internal statistics:

num_allocs_failed_limit: 15.
num_arena_births: 2452.
num_arena_deaths: 6.
num_vsnodes_births: 3.
num_vsnodes_deaths: 0.
num_space_committed: 2037.
num_space_uncommitted: 0.
num_chunks_returned_to_freelist: 32.
num_chunks_taken_from_freelist: 8270.
num_chunk_merges: 13.
num_chunk_splits: 5287.
num_chunks_enlarged: 3279.
num_inconsistent_stats: 0.

CodeHeap 'non-profiled nmethods': size=120000Kb used=11527Kb max_used=11527Kb free=108473Kb
 bounds [0x0000026034fe0000, 0x0000026035b30000, 0x000002603c510000]
CodeHeap 'profiled nmethods': size=120000Kb used=31015Kb max_used=31015Kb free=88984Kb
 bounds [0x000002602d510000, 0x000002602f360000, 0x0000026034a40000]
CodeHeap 'non-nmethods': size=5760Kb used=2548Kb max_used=2583Kb free=3211Kb
 bounds [0x0000026034a40000, 0x0000026034ce0000, 0x0000026034fe0000]
 total_blobs=16746 nmethods=15640 adapters=1017
 compilation: enabled
              stopped_count=0, restarted_count=0
 full_count=0

Compilation events (20 events):
Event: 159.053 Thread 0x0000026044b62450 nmethod 18674 0x000002602f359d90 code [0x000002602f359f40, 0x000002602f35a0a8]
Event: 159.053 Thread 0x0000026044b62450 18675       3       java.util.regex.Pattern$Loop::matchInit (156 bytes)
Event: 159.053 Thread 0x0000026044b62450 nmethod 18675 0x000002602f35a190 code [0x000002602f35a3c0, 0x000002602f35ad28]
Event: 159.178 Thread 0x0000026044b62450 18676       3       java.lang.Character::isDigit (5 bytes)
Event: 159.178 Thread 0x0000026044b62450 nmethod 18676 0x000002602f35b090 code [0x000002602f35b240, 0x000002602f35b498]
Event: 159.178 Thread 0x0000026044b62450 18677       3       java.lang.Character::isDigit (9 bytes)
Event: 159.178 Thread 0x0000026044b62450 nmethod 18677 0x000002602f35b590 code [0x000002602f35b740, 0x000002602f35b938]
Event: 159.178 Thread 0x0000026044b62450 18679       3       java.text.ParsePosition::<init> (20 bytes)
Event: 159.178 Thread 0x0000026044b62450 nmethod 18679 0x000002602f35ba10 code [0x000002602f35bba0, 0x000002602f35bd18]
Event: 159.178 Thread 0x0000026044b62450 18678       3       java.lang.CharacterDataLatin1::isDigit (18 bytes)
Event: 159.178 Thread 0x0000026044b62450 nmethod 18678 0x000002602f35be10 code [0x000002602f35bfa0, 0x000002602f35c138]
Event: 159.192 Thread 0x0000026044b62450 18680       1       org.gradle.internal.resource.metadata.DefaultExternalResourceMetaData::getLastModified (5 bytes)
Event: 159.192 Thread 0x0000026044b62450 nmethod 18680 0x0000026035b21910 code [0x0000026035b21aa0, 0x0000026035b21b78]
Event: 159.194 Thread 0x0000026044b61a50 18681       4       com.sun.org.apache.xerces.internal.dom.NamedNodeMapImpl::findNamePoint (105 bytes)
Event: 159.195 Thread 0x0000026044b62450 18683       3       org.gradle.internal.serialize.BaseSerializerFactory$StringSerializer::write (10 bytes)
Event: 159.195 Thread 0x0000026044b62450 nmethod 18683 0x000002602f35c210 code [0x000002602f35c3c0, 0x000002602f35c708]
Event: 159.195 Thread 0x0000026044b62450 18684       3       org.gradle.internal.serialize.BaseSerializerFactory$StringSerializer::write (8 bytes)
Event: 159.195 Thread 0x0000026044b62450 nmethod 18684 0x000002602f35c810 code [0x000002602f35c9c0, 0x000002602f35cba8]
Event: 159.195 Thread 0x0000026044b62450 18685       3       java.util.HashMap$KeySpliterator::characteristics (30 bytes)
Event: 159.196 Thread 0x0000026044b62450 nmethod 18685 0x000002602f35cc90 code [0x000002602f35ce20, 0x000002602f35cfd8]

GC Heap History (20 events):
Event: 136.059 GC heap after
{Heap after GC invocations=22 (full 0):
 garbage-first heap   total 262144K, used 120724K [0x0000000080000000, 0x0000000100000000)
  region size 1024K, 2 young (2048K), 2 survivors (2048K)
 Metaspace       used 105182K, committed 106496K, reserved 770048K
  class space    used 14618K, committed 15232K, reserved 638976K
}
Event: 137.451 GC heap before
{Heap before GC invocations=22 (full 0):
 garbage-first heap   total 262144K, used 205716K [0x0000000080000000, 0x0000000100000000)
  region size 1024K, 86 young (88064K), 2 survivors (2048K)
 Metaspace       used 109060K, committed 110336K, reserved 770048K
  class space    used 15129K, committed 15744K, reserved 638976K
}
Event: 137.455 GC heap after
{Heap after GC invocations=23 (full 0):
 garbage-first heap   total 262144K, used 124220K [0x0000000080000000, 0x0000000100000000)
  region size 1024K, 6 young (6144K), 6 survivors (6144K)
 Metaspace       used 109060K, committed 110336K, reserved 770048K
  class space    used 15129K, committed 15744K, reserved 638976K
}
Event: 138.667 GC heap before
{Heap before GC invocations=24 (full 0):
 garbage-first heap   total 262144K, used 216380K [0x0000000080000000, 0x0000000100000000)
  region size 1024K, 95 young (97280K), 6 survivors (6144K)
 Metaspace       used 114322K, committed 115648K, reserved 770048K
  class space    used 15955K, committed 16576K, reserved 638976K
}
Event: 138.673 GC heap after
{Heap after GC invocations=25 (full 0):
 garbage-first heap   total 262144K, used 126775K [0x0000000080000000, 0x0000000100000000)
  region size 1024K, 8 young (8192K), 8 survivors (8192K)
 Metaspace       used 114322K, committed 115648K, reserved 770048K
  class space    used 15955K, committed 16576K, reserved 638976K
}
Event: 138.717 GC heap before
{Heap before GC invocations=25 (full 0):
 garbage-first heap   total 262144K, used 130871K [0x0000000080000000, 0x0000000100000000)
  region size 1024K, 12 young (12288K), 8 survivors (8192K)
 Metaspace       used 114571K, committed 115840K, reserved 770048K
  class space    used 15984K, committed 16576K, reserved 638976K
}
Event: 138.723 GC heap after
{Heap after GC invocations=26 (full 0):
 garbage-first heap   total 262144K, used 126253K [0x0000000080000000, 0x0000000100000000)
  region size 1024K, 1 young (1024K), 1 survivors (1024K)
 Metaspace       used 114571K, committed 115840K, reserved 770048K
  class space    used 15984K, committed 16576K, reserved 638976K
}
Event: 140.064 GC heap before
{Heap before GC invocations=26 (full 0):
 garbage-first heap   total 262144K, used 218413K [0x0000000080000000, 0x0000000100000000)
  region size 1024K, 91 young (93184K), 1 survivors (1024K)
 Metaspace       used 118322K, committed 119680K, reserved 770048K
  class space    used 16485K, committed 17152K, reserved 638976K
}
Event: 140.072 GC heap after
{Heap after GC invocations=27 (full 0):
 garbage-first heap   total 262144K, used 133696K [0x0000000080000000, 0x0000000100000000)
  region size 1024K, 9 young (9216K), 9 survivors (9216K)
 Metaspace       used 118322K, committed 119680K, reserved 770048K
  class space    used 16485K, committed 17152K, reserved 638976K
}
Event: 142.062 GC heap before
{Heap before GC invocations=28 (full 0):
 garbage-first heap   total 262144K, used 216640K [0x0000000080000000, 0x0000000100000000)
  region size 1024K, 90 young (92160K), 9 survivors (9216K)
 Metaspace       used 123293K, committed 124736K, reserved 770048K
  class space    used 17204K, committed 17920K, reserved 638976K
}
Event: 142.074 GC heap after
{Heap after GC invocations=29 (full 0):
 garbage-first heap   total 262144K, used 140889K [0x0000000080000000, 0x0000000100000000)
  region size 1024K, 7 young (7168K), 7 survivors (7168K)
 Metaspace       used 123293K, committed 124736K, reserved 770048K
  class space    used 17204K, committed 17920K, reserved 638976K
}
Event: 142.289 GC heap before
{Heap before GC invocations=29 (full 0):
 garbage-first heap   total 262144K, used 144985K [0x0000000080000000, 0x0000000100000000)
  region size 1024K, 12 young (12288K), 7 survivors (7168K)
 Metaspace       used 123450K, committed 124864K, reserved 770048K
  class space    used 17223K, committed 17920K, reserved 638976K
}
Event: 142.296 GC heap after
{Heap after GC invocations=30 (full 0):
 garbage-first heap   total 262144K, used 142296K [0x0000000080000000, 0x0000000100000000)
  region size 1024K, 2 young (2048K), 2 survivors (2048K)
 Metaspace       used 123450K, committed 124864K, reserved 770048K
  class space    used 17223K, committed 17920K, reserved 638976K
}
Event: 145.303 GC heap before
{Heap before GC invocations=30 (full 0):
 garbage-first heap   total 262144K, used 222168K [0x0000000080000000, 0x0000000100000000)
  region size 1024K, 76 young (77824K), 2 survivors (2048K)
 Metaspace       used 125877K, committed 127360K, reserved 770048K
  class space    used 17534K, committed 18240K, reserved 638976K
}
Event: 145.310 GC heap after
{Heap after GC invocations=31 (full 0):
 garbage-first heap   total 262144K, used 149566K [0x0000000080000000, 0x0000000100000000)
  region size 1024K, 10 young (10240K), 10 survivors (10240K)
 Metaspace       used 125877K, committed 127360K, reserved 770048K
  class space    used 17534K, committed 18240K, reserved 638976K
}
Event: 146.353 GC heap before
{Heap before GC invocations=32 (full 0):
 garbage-first heap   total 262144K, used 215102K [0x0000000080000000, 0x0000000100000000)
  region size 1024K, 74 young (75776K), 10 survivors (10240K)
 Metaspace       used 126965K, committed 128576K, reserved 770048K
  class space    used 17697K, committed 18496K, reserved 638976K
}
Event: 146.362 GC heap after
{Heap after GC invocations=33 (full 0):
 garbage-first heap   total 262144K, used 155823K [0x0000000080000000, 0x0000000100000000)
  region size 1024K, 7 young (7168K), 7 survivors (7168K)
 Metaspace       used 126965K, committed 128576K, reserved 770048K
  class space    used 17697K, committed 18496K, reserved 638976K
}
Event: 146.374 GC heap before
{Heap before GC invocations=33 (full 0):
 garbage-first heap   total 262144K, used 160943K [0x0000000080000000, 0x0000000100000000)
  region size 1024K, 12 young (12288K), 7 survivors (7168K)
 Metaspace       used 126966K, committed 128576K, reserved 770048K
  class space    used 17697K, committed 18496K, reserved 638976K
}
Event: 146.379 GC heap after
{Heap after GC invocations=34 (full 0):
 garbage-first heap   total 262144K, used 156290K [0x0000000080000000, 0x0000000100000000)
  region size 1024K, 2 young (2048K), 2 survivors (2048K)
 Metaspace       used 126966K, committed 128576K, reserved 770048K
  class space    used 17697K, committed 18496K, reserved 638976K
}
Event: 159.196 GC heap before
{Heap before GC invocations=34 (full 0):
 garbage-first heap   total 262144K, used 215682K [0x0000000080000000, 0x0000000100000000)
  region size 1024K, 60 young (61440K), 2 survivors (2048K)
 Metaspace       used 128757K, committed 130368K, reserved 770048K
  class space    used 17843K, committed 18624K, reserved 638976K
}

Deoptimization events (20 events):
Event: 146.777 Thread 0x0000026072527780 DEOPT PACKING pc=0x0000026035632ea8 sp=0x00000077d9af1ff0
Event: 146.777 Thread 0x0000026072527780 DEOPT UNPACKING pc=0x0000026034a923a3 sp=0x00000077d9af1ea0 mode 2
Event: 146.963 Thread 0x0000026072527780 Uncommon trap: trap_request=0xffffff45 fr.pc=0x00000260353701e0 relative=0x0000000000001ea0
Event: 146.963 Thread 0x0000026072527780 Uncommon trap: reason=unstable_if action=reinterpret pc=0x00000260353701e0 method=java.io.BufferedReader.readLine(Z[Z)Ljava/lang/String; @ 33 c2
Event: 146.963 Thread 0x0000026072527780 DEOPT PACKING pc=0x00000260353701e0 sp=0x00000077d9af35d0
Event: 146.963 Thread 0x0000026072527780 DEOPT UNPACKING pc=0x0000026034a923a3 sp=0x00000077d9af35c8 mode 2
Event: 154.220 Thread 0x0000026072527780 DEOPT PACKING pc=0x000002602f245c66 sp=0x00000077d9af2750
Event: 154.220 Thread 0x0000026072527780 DEOPT UNPACKING pc=0x0000026034a92b43 sp=0x00000077d9af1c10 mode 0
Event: 157.897 Thread 0x0000026072527780 Uncommon trap: trap_request=0xffffff45 fr.pc=0x0000026035aea460 relative=0x00000000000003a0
Event: 157.897 Thread 0x0000026072527780 Uncommon trap: reason=unstable_if action=reinterpret pc=0x0000026035aea460 method=com.sun.org.apache.xerces.internal.impl.io.UTF8Reader.read([CII)I @ 131 c2
Event: 157.897 Thread 0x0000026072527780 DEOPT PACKING pc=0x0000026035aea460 sp=0x00000077d9af2a40
Event: 157.897 Thread 0x0000026072527780 DEOPT UNPACKING pc=0x0000026034a923a3 sp=0x00000077d9af2978 mode 2
Event: 158.127 Thread 0x0000026072527780 DEOPT PACKING pc=0x000002602f30d4e6 sp=0x00000077d9af2ae0
Event: 158.127 Thread 0x0000026072527780 DEOPT UNPACKING pc=0x0000026034a92b43 sp=0x00000077d9af1f80 mode 0
Event: 158.130 Thread 0x0000026072527780 DEOPT PACKING pc=0x000002602f30d4e6 sp=0x00000077d9af2a20
Event: 158.130 Thread 0x0000026072527780 DEOPT UNPACKING pc=0x0000026034a92b43 sp=0x00000077d9af1ec0 mode 0
Event: 158.870 Thread 0x0000026072527780 Uncommon trap: trap_request=0xffffff45 fr.pc=0x00000260358480a8 relative=0x0000000000005ea8
Event: 158.870 Thread 0x0000026072527780 Uncommon trap: reason=unstable_if action=reinterpret pc=0x00000260358480a8 method=org.gradle.internal.operations.BuildOperationProgressEventListenerAdapter.stop(Lorg/gradle/internal/operations/BuildOperationDescriptor;Lorg/gradle/internal/operations/Build
Event: 158.870 Thread 0x0000026072527780 DEOPT PACKING pc=0x00000260358480a8 sp=0x00000077d9af2e30
Event: 158.870 Thread 0x0000026072527780 DEOPT UNPACKING pc=0x0000026034a923a3 sp=0x00000077d9af2cc0 mode 2

Classes unloaded (20 events):
Event: 134.651 Thread 0x0000026044a283c0 Unloading class 0x0000026046cc4000 '_BuildScript_$_run_closure1'
Event: 134.651 Thread 0x0000026044a283c0 Unloading class 0x0000026046cba000 '_BuildScript_'
Event: 134.651 Thread 0x0000026044a283c0 Unloading class 0x0000026046585000 '_BuildScript_$_run_closure2'
Event: 134.651 Thread 0x0000026044a283c0 Unloading class 0x0000026046584c00 '_BuildScript_$_run_closure1'
Event: 134.651 Thread 0x0000026044a283c0 Unloading class 0x0000026046584000 '_BuildScript_'
Event: 137.496 Thread 0x0000026044a283c0 Unloading class 0x0000026046d09f40 '_BuildScript_$_run_closure4'
Event: 137.496 Thread 0x0000026044a283c0 Unloading class 0x0000026046d09b58 '_BuildScript_$_run_closure3$_closure14'
Event: 137.496 Thread 0x0000026044a283c0 Unloading class 0x0000026046d09770 '_BuildScript_$_run_closure3'
Event: 137.496 Thread 0x0000026044a283c0 Unloading class 0x0000026046d09388 '_BuildScript_$_run_closure2$_closure8'
Event: 137.496 Thread 0x0000026044a283c0 Unloading class 0x0000026046d08fa0 '_BuildScript_$_run_closure2$_closure7$_closure13'
Event: 137.496 Thread 0x0000026044a283c0 Unloading class 0x0000026046d08bb8 '_BuildScript_$_run_closure2$_closure7$_closure12'
Event: 137.496 Thread 0x0000026044a283c0 Unloading class 0x0000026046d087d0 '_BuildScript_$_run_closure2$_closure7'
Event: 137.496 Thread 0x0000026044a283c0 Unloading class 0x0000026046d083e8 '_BuildScript_$_run_closure2$_closure6$_closure11'
Event: 137.496 Thread 0x0000026044a283c0 Unloading class 0x0000026046d08000 '_BuildScript_$_run_closure2$_closure6$_closure10'
Event: 137.496 Thread 0x0000026044a283c0 Unloading class 0x0000026046d03bb8 '_BuildScript_$_run_closure2$_closure6'
Event: 137.496 Thread 0x0000026044a283c0 Unloading class 0x0000026046d037d0 '_BuildScript_$_run_closure2$_closure5$_closure9'
Event: 137.496 Thread 0x0000026044a283c0 Unloading class 0x0000026046d033e8 '_BuildScript_$_run_closure2$_closure5'
Event: 137.496 Thread 0x0000026044a283c0 Unloading class 0x0000026046d03000 '_BuildScript_$_run_closure2'
Event: 137.496 Thread 0x0000026044a283c0 Unloading class 0x0000026046d02400 '_BuildScript_$_run_closure1'
Event: 137.496 Thread 0x0000026044a283c0 Unloading class 0x0000026046d02800 '_BuildScript_'

Classes redefined (0 events):
No events

Internal exceptions (20 events):
Event: 146.046 Thread 0x000002607736b250 Exception <a 'sun/nio/fs/WindowsException'{0x000000008eb856f8}> (0x000000008eb856f8) 
thrown [s\open\src\hotspot\share\prims\jni.cpp, line 516]
Event: 146.060 Thread 0x000002607736b250 Exception <a 'sun/nio/fs/WindowsException'{0x000000008eb93300}> (0x000000008eb93300) 
thrown [s\open\src\hotspot\share\prims\jni.cpp, line 516]
Event: 146.073 Thread 0x000002607736b250 Exception <a 'sun/nio/fs/WindowsException'{0x000000008eba42e8}> (0x000000008eba42e8) 
thrown [s\open\src\hotspot\share\prims\jni.cpp, line 516]
Event: 146.088 Thread 0x000002607736b250 Exception <a 'sun/nio/fs/WindowsException'{0x000000008ebc0c60}> (0x000000008ebc0c60) 
thrown [s\open\src\hotspot\share\prims\jni.cpp, line 516]
Event: 146.110 Thread 0x0000026072527780 Exception <a 'java/lang/ClassNotFoundException'{0x000000008ebe9050}: build_6om09bgfozoujxnb6slp6vvthBeanInfo> (0x000000008ebe9050) 
thrown [s\open\src\hotspot\share\classfile\systemDictionary.cpp, line 256]
Event: 146.110 Thread 0x0000026072527780 Exception <a 'java/lang/ClassNotFoundException'{0x000000008ebf2e58}: build_6om09bgfozoujxnb6slp6vvthCustomizer> (0x000000008ebf2e58) 
thrown [s\open\src\hotspot\share\classfile\systemDictionary.cpp, line 256]
Event: 146.533 Thread 0x0000026072527780 Exception <a 'sun/nio/fs/WindowsException'{0x000000008db1c018}> (0x000000008db1c018) 
thrown [s\open\src\hotspot\share\prims\jni.cpp, line 516]
Event: 146.534 Thread 0x0000026072527780 Exception <a 'sun/nio/fs/WindowsException'{0x000000008db1e170}> (0x000000008db1e170) 
thrown [s\open\src\hotspot\share\prims\jni.cpp, line 516]
Event: 146.536 Thread 0x0000026072527780 Exception <a 'sun/nio/fs/WindowsException'{0x000000008db2f9b0}> (0x000000008db2f9b0) 
thrown [s\open\src\hotspot\share\prims\jni.cpp, line 516]
Event: 146.545 Thread 0x0000026072527780 Exception <a 'sun/nio/fs/WindowsException'{0x000000008db420f8}> (0x000000008db420f8) 
thrown [s\open\src\hotspot\share\prims\jni.cpp, line 516]
Event: 146.555 Thread 0x0000026072527780 Exception <a 'sun/nio/fs/WindowsException'{0x000000008db56ae8}> (0x000000008db56ae8) 
thrown [s\open\src\hotspot\share\prims\jni.cpp, line 516]
Event: 146.564 Thread 0x0000026072527780 Exception <a 'sun/nio/fs/WindowsException'{0x000000008db601e0}> (0x000000008db601e0) 
thrown [s\open\src\hotspot\share\prims\jni.cpp, line 516]
Event: 146.612 Thread 0x0000026077373500 Exception <a 'sun/nio/fs/WindowsException'{0x000000008da05698}> (0x000000008da05698) 
thrown [s\open\src\hotspot\share\prims\jni.cpp, line 516]
Event: 146.612 Thread 0x0000026077373500 Exception <a 'sun/nio/fs/WindowsException'{0x000000008da05ce8}> (0x000000008da05ce8) 
thrown [s\open\src\hotspot\share\prims\jni.cpp, line 516]
Event: 146.614 Thread 0x0000026077373500 Exception <a 'sun/nio/fs/WindowsException'{0x000000008da145f0}> (0x000000008da145f0) 
thrown [s\open\src\hotspot\share\prims\jni.cpp, line 516]
Event: 146.622 Thread 0x0000026077373500 Exception <a 'sun/nio/fs/WindowsException'{0x000000008da238c8}> (0x000000008da238c8) 
thrown [s\open\src\hotspot\share\prims\jni.cpp, line 516]
Event: 146.631 Thread 0x0000026077373500 Exception <a 'sun/nio/fs/WindowsException'{0x000000008da34da8}> (0x000000008da34da8) 
thrown [s\open\src\hotspot\share\prims\jni.cpp, line 516]
Event: 146.640 Thread 0x0000026077373500 Exception <a 'sun/nio/fs/WindowsException'{0x000000008da3df48}> (0x000000008da3df48) 
thrown [s\open\src\hotspot\share\prims\jni.cpp, line 516]
Event: 146.673 Thread 0x0000026072527780 Exception <a 'java/lang/ClassNotFoundException'{0x000000008da87090}: build_6cbsi1qm2so3qn1cmvoz8uabiBeanInfo> (0x000000008da87090) 
thrown [s\open\src\hotspot\share\classfile\systemDictionary.cpp, line 256]
Event: 146.673 Thread 0x0000026072527780 Exception <a 'java/lang/ClassNotFoundException'{0x000000008da90f20}: build_6cbsi1qm2so3qn1cmvoz8uabiCustomizer> (0x000000008da90f20) 
thrown [s\open\src\hotspot\share\classfile\systemDictionary.cpp, line 256]

VM Operations (20 events):
Event: 148.381 Executing VM operation: Cleanup done
Event: 149.382 Executing VM operation: Cleanup
Event: 149.382 Executing VM operation: Cleanup done
Event: 150.382 Executing VM operation: Cleanup
Event: 150.383 Executing VM operation: Cleanup done
Event: 151.383 Executing VM operation: Cleanup
Event: 151.384 Executing VM operation: Cleanup done
Event: 152.384 Executing VM operation: Cleanup
Event: 152.384 Executing VM operation: Cleanup done
Event: 153.385 Executing VM operation: Cleanup
Event: 153.385 Executing VM operation: Cleanup done
Event: 154.386 Executing VM operation: Cleanup
Event: 154.387 Executing VM operation: Cleanup done
Event: 155.388 Executing VM operation: Cleanup
Event: 155.388 Executing VM operation: Cleanup done
Event: 156.388 Executing VM operation: Cleanup
Event: 156.388 Executing VM operation: Cleanup done
Event: 157.388 Executing VM operation: Cleanup
Event: 157.389 Executing VM operation: Cleanup done
Event: 159.196 Executing VM operation: G1CollectForAllocation

Events (20 events):
Event: 157.468 loading class sun/security/ssl/SSLTrafficKeyDerivation$LegacyTrafficKeyDerivation
Event: 157.468 loading class sun/security/ssl/SSLTrafficKeyDerivation$LegacyTrafficKeyDerivation done
Event: 157.468 loading class sun/security/internal/spec/TlsKeyMaterialParameterSpec
Event: 157.468 loading class sun/security/internal/spec/TlsKeyMaterialParameterSpec done
Event: 157.468 loading class com/sun/crypto/provider/TlsKeyMaterialGenerator
Event: 157.469 loading class com/sun/crypto/provider/TlsKeyMaterialGenerator done
Event: 157.469 loading class sun/security/internal/spec/TlsKeyMaterialSpec
Event: 157.469 loading class sun/security/internal/spec/TlsKeyMaterialSpec done
Event: 157.469 loading class sun/security/internal/spec/TlsPrfParameterSpec
Event: 157.469 loading class sun/security/internal/spec/TlsPrfParameterSpec done
Event: 157.469 loading class com/sun/crypto/provider/TlsPrfGenerator$V12
Event: 157.469 loading class com/sun/crypto/provider/TlsPrfGenerator$V12 done
Event: 157.469 loading class sun/security/ssl/Authenticator$TLS10Authenticator
Event: 157.470 loading class sun/security/ssl/Authenticator$TLS10Authenticator done
Event: 157.470 loading class sun/security/ssl/SSLCipher$T12GcmWriteCipherGenerator$GcmWriteCipher
Event: 157.470 loading class sun/security/ssl/SSLCipher$T12GcmWriteCipherGenerator$GcmWriteCipher done
Event: 157.487 loading class sun/security/ssl/NewSessionTicket$T12NewSessionTicketMessage
Event: 157.488 loading class sun/security/ssl/NewSessionTicket$T12NewSessionTicketMessage done
Event: 157.488 loading class sun/security/ssl/SSLCipher$T12GcmReadCipherGenerator$GcmReadCipher
Event: 157.488 loading class sun/security/ssl/SSLCipher$T12GcmReadCipherGenerator$GcmReadCipher done


Dynamic libraries:
0x00007ff782580000 - 0x00007ff782590000 	C:\Program Files\Java\jdk-17\bin\java.exe
0x00007ffded6c0000 - 0x00007ffded928000 	C:\WINDOWS\SYSTEM32\ntdll.dll
0x00007ffdecf40000 - 0x00007ffded009000 	C:\WINDOWS\System32\KERNEL32.DLL
0x00007ffdeafb0000 - 0x00007ffdeb3a1000 	C:\WINDOWS\System32\KERNELBASE.dll
0x00007ffdea5f0000 - 0x00007ffdea73b000 	C:\WINDOWS\System32\ucrtbase.dll
0x00007ffdc2c80000 - 0x00007ffdc2c99000 	C:\Program Files\Java\jdk-17\bin\jli.dll
0x00007ffdec330000 - 0x00007ffdec3e4000 	C:\WINDOWS\System32\ADVAPI32.dll
0x00007ffdc2c60000 - 0x00007ffdc2c7b000 	C:\Program Files\Java\jdk-17\bin\VCRUNTIME140.dll
0x00007ffdeb4d0000 - 0x00007ffdeb579000 	C:\WINDOWS\System32\msvcrt.dll
0x00007ffdec190000 - 0x00007ffdec236000 	C:\WINDOWS\System32\sechost.dll
0x00007ffdecda0000 - 0x00007ffdeceb8000 	C:\WINDOWS\System32\RPCRT4.dll
0x00007ffdeb580000 - 0x00007ffdeb746000 	C:\WINDOWS\System32\USER32.dll
0x00007ffdea5c0000 - 0x00007ffdea5e7000 	C:\WINDOWS\System32\win32u.dll
0x00007ffdec300000 - 0x00007ffdec32b000 	C:\WINDOWS\System32\GDI32.dll
0x00007ffdea1a0000 - 0x00007ffdea2cb000 	C:\WINDOWS\System32\gdi32full.dll
0x00007ffdca480000 - 0x00007ffdca713000 	C:\WINDOWS\WinSxS\amd64_microsoft.windows.common-controls_6595b64144ccf1df_6.0.26100.7824_none_3e0870b2e3345462\COMCTL32.dll
0x00007ffdea2d0000 - 0x00007ffdea373000 	C:\WINDOWS\System32\msvcp_win.dll
0x00007ffdd9660000 - 0x00007ffdd966b000 	C:\WINDOWS\SYSTEM32\VERSION.dll
0x00007ffded3b0000 - 0x00007ffded3e1000 	C:\WINDOWS\System32\IMM32.DLL
0x00007ffdc2c50000 - 0x00007ffdc2c5c000 	C:\Program Files\Java\jdk-17\bin\vcruntime140_1.dll
0x00007ffd6e490000 - 0x00007ffd6e51e000 	C:\Program Files\Java\jdk-17\bin\msvcp140.dll
0x00007ffd6d8b0000 - 0x00007ffd6e490000 	C:\Program Files\Java\jdk-17\bin\server\jvm.dll
0x00007ffdec090000 - 0x00007ffdec098000 	C:\WINDOWS\System32\PSAPI.DLL
0x00007ffddec70000 - 0x00007ffddeca5000 	C:\WINDOWS\SYSTEM32\WINMM.dll
0x00007ffde0fc0000 - 0x00007ffde0fca000 	C:\WINDOWS\SYSTEM32\WSOCK32.dll
0x00007ffdecbb0000 - 0x00007ffdecc24000 	C:\WINDOWS\System32\WS2_32.dll
0x00007ffde8d40000 - 0x00007ffde8d5b000 	C:\WINDOWS\SYSTEM32\kernel.appcore.dll
0x00007ffdc2c40000 - 0x00007ffdc2c4a000 	C:\Program Files\Java\jdk-17\bin\jimage.dll
0x00007ffde7ed0000 - 0x00007ffde8112000 	C:\WINDOWS\SYSTEM32\DBGHELP.DLL
0x00007ffded010000 - 0x00007ffded396000 	C:\WINDOWS\System32\combase.dll
0x00007ffdec9d0000 - 0x00007ffdecaa7000 	C:\WINDOWS\System32\OLEAUT32.dll
0x00007ffdc96b0000 - 0x00007ffdc96eb000 	C:\WINDOWS\SYSTEM32\dbgcore.DLL
0x00007ffdeb3b0000 - 0x00007ffdeb455000 	C:\WINDOWS\System32\bcryptPrimitives.dll
0x00007ffda0620000 - 0x00007ffda062e000 	C:\Program Files\Java\jdk-17\bin\instrument.dll
0x00007ffd77db0000 - 0x00007ffd77dd5000 	C:\Program Files\Java\jdk-17\bin\java.dll
0x00007ffd6d7d0000 - 0x00007ffd6d8a7000 	C:\Program Files\Java\jdk-17\bin\jsvml.dll
0x00007ffdeb750000 - 0x00007ffdebea2000 	C:\WINDOWS\System32\SHELL32.dll
0x00007ffde9fa0000 - 0x00007ffdea10a000 	C:\WINDOWS\System32\wintypes.dll
0x00007ffdea740000 - 0x00007ffdeafa3000 	C:\WINDOWS\System32\windows.storage.dll
0x00007ffdec3f0000 - 0x00007ffdec4e6000 	C:\WINDOWS\System32\SHCORE.dll
0x00007ffdeb460000 - 0x00007ffdeb4c7000 	C:\WINDOWS\System32\shlwapi.dll
0x00007ffde9ec0000 - 0x00007ffde9ee9000 	C:\WINDOWS\SYSTEM32\profapi.dll
0x00007ffd6d7b0000 - 0x00007ffd6d7c8000 	C:\Program Files\Java\jdk-17\bin\zip.dll
0x00007ffd775a0000 - 0x00007ffd775b9000 	C:\Program Files\Java\jdk-17\bin\net.dll
0x00007ffdde9d0000 - 0x00007ffddeaf7000 	C:\WINDOWS\SYSTEM32\WINHTTP.dll
0x00007ffde92b0000 - 0x00007ffde931b000 	C:\WINDOWS\system32\mswsock.dll
0x00007ffd74e60000 - 0x00007ffd74e76000 	C:\Program Files\Java\jdk-17\bin\nio.dll
0x00007ffdb6370000 - 0x00007ffdb6380000 	C:\Program Files\Java\jdk-17\bin\verify.dll
0x00007ffd6d780000 - 0x00007ffd6d7a7000 	C:\Users\hp\.gradle\native\1def1411415f61bf3af743bc5b6707747c0891f09f0c88961ee8f79bc544acac\windows-amd64\native-platform.dll
0x00007ffdb8a10000 - 0x00007ffdb8a87000 	C:\Users\hp\.gradle\native\0.2.8\x86_64-windows-gnu\gradle-fileevents.dll
0x00007ffdb5bf0000 - 0x00007ffdb5bfa000 	C:\Program Files\Java\jdk-17\bin\management.dll
0x00007ffdaace0000 - 0x00007ffdaaceb000 	C:\Program Files\Java\jdk-17\bin\management_ext.dll
0x00007ffde8740000 - 0x00007ffde8774000 	C:\WINDOWS\SYSTEM32\IPHLPAPI.DLL
0x00007ffdec180000 - 0x00007ffdec18a000 	C:\WINDOWS\System32\NSI.dll
0x00007ffde2240000 - 0x00007ffde225e000 	C:\WINDOWS\SYSTEM32\dhcpcsvc6.DLL
0x00007ffde2210000 - 0x00007ffde2233000 	C:\WINDOWS\SYSTEM32\dhcpcsvc.DLL
0x00007ffde87d0000 - 0x00007ffde88fc000 	C:\WINDOWS\SYSTEM32\DNSAPI.dll
0x00007ffde9580000 - 0x00007ffde959b000 	C:\WINDOWS\SYSTEM32\CRYPTSP.dll
0x00007ffde8ca0000 - 0x00007ffde8cd9000 	C:\WINDOWS\system32\rsaenh.dll
0x00007ffde9360000 - 0x00007ffde938b000 	C:\WINDOWS\SYSTEM32\USERENV.dll
0x00007ffde9e90000 - 0x00007ffde9eba000 	C:\WINDOWS\SYSTEM32\bcrypt.dll
0x00007ffde95a0000 - 0x00007ffde95ac000 	C:\WINDOWS\SYSTEM32\CRYPTBASE.dll
0x00007ffdbe9c0000 - 0x00007ffdbe9ce000 	C:\Program Files\Java\jdk-17\bin\sunmscapi.dll
0x00007ffdea380000 - 0x00007ffdea4f7000 	C:\WINDOWS\System32\CRYPT32.dll
0x00007ffde97a0000 - 0x00007ffde97d0000 	C:\WINDOWS\SYSTEM32\ncrypt.dll
0x00007ffde9750000 - 0x00007ffde978f000 	C:\WINDOWS\SYSTEM32\NTASN1.dll
0x00007ffdc06b0000 - 0x00007ffdc06b8000 	C:\WINDOWS\system32\wshunix.dll
0x00007ffdde7f0000 - 0x00007ffdde7fb000 	C:\Windows\System32\rasadhlp.dll
0x00007ffde49c0000 - 0x00007ffde4a46000 	C:\WINDOWS\System32\fwpuclnt.dll
0x00007ffde10b0000 - 0x00007ffde10b7000 	C:\Program Files\Java\jdk-17\bin\rmi.dll

dbghelp: loaded successfully - version: 4.0.5 - missing functions: none
symbol engine: initialized successfully - sym options: 0x614 - pdb path: .;C:\Program Files\Java\jdk-17\bin;C:\WINDOWS\SYSTEM32;C:\WINDOWS\WinSxS\amd64_microsoft.windows.common-controls_6595b64144ccf1df_6.0.26100.7824_none_3e0870b2e3345462;C:\Program Files\Java\jdk-17\bin\server;C:\Users\hp\.gradle\native\1def1411415f61bf3af743bc5b6707747c0891f09f0c88961ee8f79bc544acac\windows-amd64;C:\Users\hp\.gradle\native\0.2.8\x86_64-windows-gnu

VM Arguments:
jvm_args: --add-opens=java.base/java.lang=ALL-UNNAMED --add-opens=java.base/java.lang.invoke=ALL-UNNAMED --add-opens=java.base/java.util=ALL-UNNAMED --add-opens=java.prefs/java.util.prefs=ALL-UNNAMED --add-exports=jdk.compiler/com.sun.tools.javac.api=ALL-UNNAMED --add-exports=jdk.compiler/com.sun.tools.javac.util=ALL-UNNAMED --add-opens=java.base/java.util=ALL-UNNAMED --add-opens=java.prefs/java.util.prefs=ALL-UNNAMED --add-opens=java.base/java.nio.charset=ALL-UNNAMED --add-opens=java.base/java.net=ALL-UNNAMED --add-opens=java.base/java.util.concurrent=ALL-UNNAMED --add-opens=java.base/java.util.concurrent.atomic=ALL-UNNAMED --add-opens=java.xml/javax.xml.namespace=ALL-UNNAMED -XX:MaxMetaspaceSize=768m -XX:+UseG1GC -XX:MaxGCPauseMillis=200 --add-opens=java.base/java.lang=ALL-UNNAMED --add-opens=java.base/java.util=ALL-UNNAMED --add-opens=java.base/java.io=ALL-UNNAMED --add-opens=java.base/java.lang.reflect=ALL-UNNAMED -Xms256m -Xmx2048m -Dfile.encoding=UTF-8 -Duser.country=IN -Duser.language=en -Duser.variant -javaagent:C:\Users\hp\.gradle\wrapper\dists\gradle-9.0.0-bin\d6wjpkvcgsg3oed0qlfss3wgl\gradle-9.0.0\lib\agents\gradle-instrumentation-agent-9.0.0.jar 
java_command: org.gradle.launcher.daemon.bootstrap.GradleDaemon 9.0.0
java_class_path (initial): C:\Users\hp\.gradle\wrapper\dists\gradle-9.0.0-bin\d6wjpkvcgsg3oed0qlfss3wgl\gradle-9.0.0\lib\gradle-daemon-main-9.0.0.jar
Launcher Type: SUN_STANDARD

[Global flags]
     intx CICompilerCount                          = 4                                         {product} {ergonomic}
   size_t CompressedClassSpaceSize                 = 654311424                                 {product} {ergonomic}
     uint ConcGCThreads                            = 3                                         {product} {ergonomic}
     uint G1ConcRefinementThreads                  = 10                                        {product} {ergonomic}
   size_t G1HeapRegionSize                         = 1048576                                   {product} {ergonomic}
    uintx GCDrainStackTargetSize                   = 64                                        {product} {ergonomic}
   size_t InitialHeapSize                          = 268435456                                 {product} {command line}
   size_t MarkStackSize                            = 4194304                                   {product} {ergonomic}
    uintx MaxGCPauseMillis                         = 200                                       {product} {command line}
   size_t MaxHeapSize                              = 2147483648                                {product} {command line}
   size_t MaxMetaspaceSize                         = 805306368                                 {product} {command line}
   size_t MaxNewSize                               = 1287651328                                {product} {ergonomic}
   size_t MinHeapDeltaBytes                        = 1048576                                   {product} {ergonomic}
   size_t MinHeapSize                              = 268435456                                 {product} {command line}
    uintx NonNMethodCodeHeapSize                   = 5839372                                {pd product} {ergonomic}
    uintx NonProfiledCodeHeapSize                  = 122909434                              {pd product} {ergonomic}
    uintx ProfiledCodeHeapSize                     = 122909434                              {pd product} {ergonomic}
    uintx ReservedCodeCacheSize                    = 251658240                              {pd product} {ergonomic}
     bool SegmentedCodeCache                       = true                                      {product} {ergonomic}
   size_t SoftMaxHeapSize                          = 2147483648                             {manageable} {ergonomic}
     bool UseCompressedClassPointers               = true                           {product lp64_product} {ergonomic}
     bool UseCompressedOops                        = true                           {product lp64_product} {ergonomic}
     bool UseG1GC                                  = true                                      {product} {command line}
     bool UseLargePagesIndividualAllocation        = false                                  {pd product} {ergonomic}

Logging:
Log output configuration:
 #0: stdout all=warning uptime,level,tags
 #1: stderr all=off uptime,level,tags

Environment Variables:
JAVA_HOME=C:\Program Files\Java\jdk-17
PATH=C:\Users\hp\Desktop\AIB Innovations\TiffinDeliveryFrontend-7\node_modules\.bin;C:\Users\hp\Desktop\AIB Innovations\node_modules\.bin;C:\Users\hp\Desktop\node_modules\.bin;C:\Users\hp\node_modules\.bin;C:\Users\node_modules\.bin;C:\node_modules\.bin;C:\Users\hp\AppData\Local\nvm\v22.12.0\node_modules\npm\node_modules\@npmcli\run-script\lib\node-gyp-bin;C:\Program Files\Common Files\Oracle\Java\javapath;C:\WINDOWS\system32;C:\WINDOWS;C:\WINDOWS\system32\Wbem;C:\WINDOWS\System32\WindowsPowerShell\v1.0\;C:\WINDOWS\System32\OpenSSH\;C:\Program Files\Microsoft VS Code\bin;C:\Users\hp\Downloads\jdk-20_windows-x64_bin.exe;C:\Program Files\MySQL\MySQL Server 8.0\bin;C:\Program Files\php-8.2.11;C:\ProgramData\chocolatey\bin;C:\Users\hp\AppData\Local\nvm;C:\nvm4w\nodejs;C:\Program Files\Git\cmd;C:\Program Files\nodejs\;C:\WINDOWS\System32\Wbem;C:\Program Files\Java\jdk-17\bin;C:\Users\hp\AppData\Local\Android\Sdk\platform-tools;C:\src\flutter\flutter\bin;C:\Program Files\MySQL\MySQL Shell 8.0\bin\;C:\Users\hp\AppData\Local\Microsoft\WindowsApps;C:\MinGW\bin;C:\Users\hp\AppData\Local\GitHubDesktop\bin;C:\Users\hp\AppData\Local\nvm;C:\nvm4w\nodejs;C:\Users\hp\AppData\Roaming\npm;C:\Users\hp\AppData\Local\Microsoft\WindowsApps;C:\flutter\bin;C:\Users\hp\AppData\Local\Programs\Antigravity\bin;C:\src\flutter\flutter\bin;
USERNAME=hp
LANG=en_US.UTF-8
OS=Windows_NT
PROCESSOR_IDENTIFIER=Intel64 Family 6 Model 154 Stepping 4, GenuineIntel



---------------  S Y S T E M  ---------------

OS:
 Windows 11 , 64 bit Build 26100 (10.0.26100.7705)
OS uptime: 0 days 7:17 hours
Hyper-V role detected

CPU: total 12 (initial active 12) (6 cores per cpu, 2 threads per core) family 6 model 154 stepping 4 microcode 0x42c, cx8, cmov, fxsr, ht, mmx, 3dnowpref, sse, sse2, sse3, ssse3, sse4.1, sse4.2, popcnt, lzcnt, tsc, tscinvbit, avx, avx2, aes, erms, clmul, bmi1, bmi2, adx, sha, fma, vzeroupper, clflush, clflushopt, clwb, hv

Memory: 4k page, system-wide physical 7863M (989M free)
TotalPageFile size 24247M (AvailPageFile size 257M)
current process WorkingSet (physical memory assigned to process): 540M, peak: 561M
current process commit charge ("private bytes"): 635M, peak: 1023M

vm_info: Java HotSpot(TM) 64-Bit Server VM (17.0.12+8-LTS-286) for windows-amd64 JRE (17.0.12+8-LTS-286), built on Jun  5 2024 06:46:59 by "mach5one" with MS VC++ 17.6 (VS2022)

END.
