#
# There is insufficient memory for the Java Runtime Environment to continue.
# Native memory allocation (malloc) failed to allocate 32744 bytes for ChunkPool::allocate
# Possible reasons:
#   The system is out of physical RAM or swap space
#   The process is running with CompressedOops enabled, and the Java Heap may be blocking the growth of the native heap
# Possible solutions:
#   Reduce memory load on the system
#   Increase physical memory or swap space
#   Check if swap backing store is full
#   Decrease Java heap size (-Xmx/-Xms)
#   Decrease number of Java threads
#   Decrease Java thread stack sizes (-Xss)
#   Set larger code cache with -XX:ReservedCodeCacheSize=
#   JVM is running with Unscaled Compressed Oops mode in which the Java heap is
#     placed in the first 4GB address space. The Java Heap base address is the
#     maximum limit for the native heap growth. Please use -XX:HeapBaseMinAddress
#     to set the Java Heap base and to place the Java Heap above 4GB virtual address.
# This output file may be truncated or incomplete.
#
#  Out of Memory Error (arena.cpp:78), pid=20048, tid=18912
#
# JRE version: Java(TM) SE Runtime Environment (17.0.12+8) (build 17.0.12+8-LTS-286)
# Java VM: Java HotSpot(TM) 64-Bit Server VM (17.0.12+8-LTS-286, mixed mode, sharing, tiered, compressed oops, compressed class ptrs, g1 gc, windows-amd64)
# No core dump will be written. Minidumps are not enabled by default on client versions of Windows
#

---------------  S U M M A R Y ------------

Command Line: -Xmx64m -Xms64m -Dorg.gradle.appname=gradlew C:\Users\hp\Desktop\AIB Innovations\TiffinDeliveryFrontend-2\android\\gradle\wrapper\gradle-wrapper.jar app:installDebug -PreactNativeDevServerPort=8081

Host: 12th Gen Intel(R) Core(TM) i5-1235U, 12 cores, 7G,  Windows 11 , 64 bit Build 26100 (10.0.26100.7623)
Time: Wed Jan 21 17:32:20 2026 India Standard Time elapsed time: 30.828616 seconds (0d 0h 0m 30s)

---------------  T H R E A D  ---------------

Current thread (0x000001c979151980):  JavaThread "C2 CompilerThread0" daemon [_thread_in_native, id=18912, stack(0x000000ab75c00000,0x000000ab75d00000)]


Current CompileTask:
C2:  30828 1744       4       org.gradle.internal.operations.OperationIdentifier::equals (47 bytes)

Stack: [0x000000ab75c00000,0x000000ab75d00000]
Native frames: (J=compiled Java code, j=interpreted, Vv=VM code, C=native code)
V  [jvm.dll+0x67a04a]
V  [jvm.dll+0x7da4ed]
V  [jvm.dll+0x7dbe33]
V  [jvm.dll+0x7dc4a3]
V  [jvm.dll+0x24508f]
V  [jvm.dll+0xab9a4]
V  [jvm.dll+0xabd3c]
V  [jvm.dll+0x657b40]
V  [jvm.dll+0x60e34b]
V  [jvm.dll+0x60c84a]
V  [jvm.dll+0x2166be]
V  [jvm.dll+0x215c6f]
V  [jvm.dll+0x1a2960]
V  [jvm.dll+0x22610b]
V  [jvm.dll+0x2242ab]
V  [jvm.dll+0x79075c]
V  [jvm.dll+0x78abea]
V  [jvm.dll+0x678f35]
C  [ucrtbase.dll+0x37b0]
C  [KERNEL32.DLL+0x2e8d7]
C  [ntdll.dll+0x8c53c]


---------------  P R O C E S S  ---------------

Threads class SMR info:
_java_thread_list=0x000001c97e4655f0, length=13, elements={
0x000001c91c7824e0, 0x000001c979133b60, 0x000001c979134630, 0x000001c97914ce40,
0x000001c97914d710, 0x000001c97914fff0, 0x000001c9791508c0, 0x000001c979151980,
0x000001c97915c360, 0x000001c979160170, 0x000001c9793aafd0, 0x000001c9793a8c60,
0x000001c9793a9b90
}

Java Threads: ( => current thread )
  0x000001c91c7824e0 JavaThread "main" [_thread_in_native, id=17028, stack(0x000000ab74f00000,0x000000ab75000000)]
  0x000001c979133b60 JavaThread "Reference Handler" daemon [_thread_blocked, id=15948, stack(0x000000ab75600000,0x000000ab75700000)]
  0x000001c979134630 JavaThread "Finalizer" daemon [_thread_blocked, id=1592, stack(0x000000ab75700000,0x000000ab75800000)]
  0x000001c97914ce40 JavaThread "Signal Dispatcher" daemon [_thread_blocked, id=1684, stack(0x000000ab75800000,0x000000ab75900000)]
  0x000001c97914d710 JavaThread "Attach Listener" daemon [_thread_blocked, id=8788, stack(0x000000ab75900000,0x000000ab75a00000)]
  0x000001c97914fff0 JavaThread "Service Thread" daemon [_thread_blocked, id=2864, stack(0x000000ab75a00000,0x000000ab75b00000)]
  0x000001c9791508c0 JavaThread "Monitor Deflation Thread" daemon [_thread_blocked, id=22104, stack(0x000000ab75b00000,0x000000ab75c00000)]
=>0x000001c979151980 JavaThread "C2 CompilerThread0" daemon [_thread_in_native, id=18912, stack(0x000000ab75c00000,0x000000ab75d00000)]
  0x000001c97915c360 JavaThread "C1 CompilerThread0" daemon [_thread_blocked, id=4420, stack(0x000000ab75d00000,0x000000ab75e00000)]
  0x000001c979160170 JavaThread "Sweeper thread" daemon [_thread_blocked, id=10380, stack(0x000000ab75e00000,0x000000ab75f00000)]
  0x000001c9793aafd0 JavaThread "Notification Thread" daemon [_thread_blocked, id=14076, stack(0x000000ab75f00000,0x000000ab76000000)]
  0x000001c9793a8c60 JavaThread "Common-Cleaner" daemon [_thread_blocked, id=19720, stack(0x000000ab76100000,0x000000ab76200000)]
  0x000001c9793a9b90 JavaThread "pool-1-thread-1" [_thread_blocked, id=9124, stack(0x000000ab76700000,0x000000ab76800000)]

Other Threads:
  0x000001c97912e2a0 VMThread "VM Thread" [stack: 0x000000ab75500000,0x000000ab75600000] [id=18904]
  0x000001c91c801300 WatcherThread [stack: 0x000000ab76000000,0x000000ab76100000] [id=12968]
  0x000001c91c7a3150 GCTaskThread "GC Thread#0" [stack: 0x000000ab75000000,0x000000ab75100000] [id=19976]
  0x000001c979856060 GCTaskThread "GC Thread#1" [stack: 0x000000ab76400000,0x000000ab76500000] [id=2164]
  0x000001c97996d820 GCTaskThread "GC Thread#2" [stack: 0x000000ab76500000,0x000000ab76600000] [id=6480]
  0x000001c9797ba880 GCTaskThread "GC Thread#3" [stack: 0x000000ab76600000,0x000000ab76700000] [id=21808]
  0x000001c97e4ce530 GCTaskThread "GC Thread#4" [stack: 0x000000ab76800000,0x000000ab76900000] [id=17820]
  0x000001c97e597860 GCTaskThread "GC Thread#5" [stack: 0x000000ab76900000,0x000000ab76a00000] [id=11668]
  0x000001c97e794b50 GCTaskThread "GC Thread#6" [stack: 0x000000ab76a00000,0x000000ab76b00000] [id=12476]
  0x000001c97e59e3e0 GCTaskThread "GC Thread#7" [stack: 0x000000ab76b00000,0x000000ab76c00000] [id=17480]
  0x000001c91c7a47b0 ConcurrentGCThread "G1 Main Marker" [stack: 0x000000ab75100000,0x000000ab75200000] [id=21516]
  0x000001c91c7a60e0 ConcurrentGCThread "G1 Conc#0" [stack: 0x000000ab75200000,0x000000ab75300000] [id=15916]
  0x000001c91c845bb0 ConcurrentGCThread "G1 Refine#0" [stack: 0x000000ab75300000,0x000000ab75400000] [id=18952]
  0x000001c97977ede0 ConcurrentGCThread "G1 Refine#1" [stack: 0x000000ab76c00000,0x000000ab76d00000] [id=10408]
  0x000001c91c846390 ConcurrentGCThread "G1 Service" [stack: 0x000000ab75400000,0x000000ab75500000] [id=11836]

Threads with active compile tasks:
C2 CompilerThread0    30862 1744       4       org.gradle.internal.operations.OperationIdentifier::equals (47 bytes)

VM state: not at safepoint (normal execution)

VM Mutex/Monitor currently owned by a thread: None

Heap address: 0x00000000fc000000, size: 64 MB, Compressed Oops mode: 32-bit

CDS archive(s) mapped at: [0x000001c938000000-0x000001c938bd0000-0x000001c938bd0000), size 12386304, SharedBaseAddress: 0x000001c938000000, ArchiveRelocationMode: 1.
Compressed class space mapped at: 0x000001c939000000-0x000001c979000000, reserved size: 1073741824
Narrow klass base: 0x000001c938000000, Narrow klass shift: 0, Narrow klass range: 0x100000000

GC Precious Log:
 CPUs: 12 total, 12 available
 Memory: 7863M
 Large Page Support: Disabled
 NUMA Support: Disabled
 Compressed Oops: Enabled (32-bit)
 Heap Region Size: 1M
 Heap Min Capacity: 64M
 Heap Initial Capacity: 64M
 Heap Max Capacity: 64M
 Pre-touch: Disabled
 Parallel Workers: 10
 Concurrent Workers: 3
 Concurrent Refinement Workers: 10
 Periodic GC: Disabled

Heap:
 garbage-first heap   total 65536K, used 16500K [0x00000000fc000000, 0x0000000100000000)
  region size 1024K, 10 young (10240K), 4 survivors (4096K)
 Metaspace       used 9479K, committed 9664K, reserved 1114112K
  class space    used 1246K, committed 1344K, reserved 1048576K

Heap Regions: E=young(eden), S=young(survivor), O=old, HS=humongous(starts), HC=humongous(continues), CS=collection set, F=free, OA=open archive, CA=closed archive, TAMS=top-at-mark-start (previous, next)
|   0|0x00000000fc000000, 0x00000000fc100000, 0x00000000fc100000|100%|HS|  |TAMS 0x00000000fc000000, 0x00000000fc000000| Complete 
|   1|0x00000000fc100000, 0x00000000fc200000, 0x00000000fc200000|100%|HC|  |TAMS 0x00000000fc100000, 0x00000000fc100000| Complete 
|   2|0x00000000fc200000, 0x00000000fc300000, 0x00000000fc300000|100%|HC|  |TAMS 0x00000000fc200000, 0x00000000fc200000| Complete 
|   3|0x00000000fc300000, 0x00000000fc400000, 0x00000000fc400000|100%| O|  |TAMS 0x00000000fc300000, 0x00000000fc300000| Untracked 
|   4|0x00000000fc400000, 0x00000000fc500000, 0x00000000fc500000|100%| O|  |TAMS 0x00000000fc400000, 0x00000000fc400000| Untracked 
|   5|0x00000000fc500000, 0x00000000fc600000, 0x00000000fc600000|100%| O|  |TAMS 0x00000000fc500000, 0x00000000fc500000| Untracked 
|   6|0x00000000fc600000, 0x00000000fc700000, 0x00000000fc700000|100%| O|  |TAMS 0x00000000fc600000, 0x00000000fc600000| Untracked 
|   7|0x00000000fc700000, 0x00000000fc71d000, 0x00000000fc800000| 11%| O|  |TAMS 0x00000000fc700000, 0x00000000fc700000| Untracked 
|   8|0x00000000fc800000, 0x00000000fc800000, 0x00000000fc900000|  0%| F|  |TAMS 0x00000000fc800000, 0x00000000fc800000| Untracked 
|   9|0x00000000fc900000, 0x00000000fc900000, 0x00000000fca00000|  0%| F|  |TAMS 0x00000000fc900000, 0x00000000fc900000| Untracked 
|  10|0x00000000fca00000, 0x00000000fca00000, 0x00000000fcb00000|  0%| F|  |TAMS 0x00000000fca00000, 0x00000000fca00000| Untracked 
|  11|0x00000000fcb00000, 0x00000000fcb00000, 0x00000000fcc00000|  0%| F|  |TAMS 0x00000000fcb00000, 0x00000000fcb00000| Untracked 
|  12|0x00000000fcc00000, 0x00000000fcc00000, 0x00000000fcd00000|  0%| F|  |TAMS 0x00000000fcc00000, 0x00000000fcc00000| Untracked 
|  13|0x00000000fcd00000, 0x00000000fcd00000, 0x00000000fce00000|  0%| F|  |TAMS 0x00000000fcd00000, 0x00000000fcd00000| Untracked 
|  14|0x00000000fce00000, 0x00000000fce00000, 0x00000000fcf00000|  0%| F|  |TAMS 0x00000000fce00000, 0x00000000fce00000| Untracked 
|  15|0x00000000fcf00000, 0x00000000fcf00000, 0x00000000fd000000|  0%| F|  |TAMS 0x00000000fcf00000, 0x00000000fcf00000| Untracked 
|  16|0x00000000fd000000, 0x00000000fd000000, 0x00000000fd100000|  0%| F|  |TAMS 0x00000000fd000000, 0x00000000fd000000| Untracked 
|  17|0x00000000fd100000, 0x00000000fd100000, 0x00000000fd200000|  0%| F|  |TAMS 0x00000000fd100000, 0x00000000fd100000| Untracked 
|  18|0x00000000fd200000, 0x00000000fd200000, 0x00000000fd300000|  0%| F|  |TAMS 0x00000000fd200000, 0x00000000fd200000| Untracked 
|  19|0x00000000fd300000, 0x00000000fd300000, 0x00000000fd400000|  0%| F|  |TAMS 0x00000000fd300000, 0x00000000fd300000| Untracked 
|  20|0x00000000fd400000, 0x00000000fd400000, 0x00000000fd500000|  0%| F|  |TAMS 0x00000000fd400000, 0x00000000fd400000| Untracked 
|  21|0x00000000fd500000, 0x00000000fd500000, 0x00000000fd600000|  0%| F|  |TAMS 0x00000000fd500000, 0x00000000fd500000| Untracked 
|  22|0x00000000fd600000, 0x00000000fd600000, 0x00000000fd700000|  0%| F|  |TAMS 0x00000000fd600000, 0x00000000fd600000| Untracked 
|  23|0x00000000fd700000, 0x00000000fd700000, 0x00000000fd800000|  0%| F|  |TAMS 0x00000000fd700000, 0x00000000fd700000| Untracked 
|  24|0x00000000fd800000, 0x00000000fd800000, 0x00000000fd900000|  0%| F|  |TAMS 0x00000000fd800000, 0x00000000fd800000| Untracked 
|  25|0x00000000fd900000, 0x00000000fd900000, 0x00000000fda00000|  0%| F|  |TAMS 0x00000000fd900000, 0x00000000fd900000| Untracked 
|  26|0x00000000fda00000, 0x00000000fda00000, 0x00000000fdb00000|  0%| F|  |TAMS 0x00000000fda00000, 0x00000000fda00000| Untracked 
|  27|0x00000000fdb00000, 0x00000000fdb00000, 0x00000000fdc00000|  0%| F|  |TAMS 0x00000000fdb00000, 0x00000000fdb00000| Untracked 
|  28|0x00000000fdc00000, 0x00000000fdd00000, 0x00000000fdd00000|100%| S|CS|TAMS 0x00000000fdc00000, 0x00000000fdc00000| Complete 
|  29|0x00000000fdd00000, 0x00000000fde00000, 0x00000000fde00000|100%| S|CS|TAMS 0x00000000fdd00000, 0x00000000fdd00000| Complete 
|  30|0x00000000fde00000, 0x00000000fdf00000, 0x00000000fdf00000|100%| S|CS|TAMS 0x00000000fde00000, 0x00000000fde00000| Complete 
|  31|0x00000000fdf00000, 0x00000000fe000000, 0x00000000fe000000|100%| S|CS|TAMS 0x00000000fdf00000, 0x00000000fdf00000| Complete 
|  32|0x00000000fe000000, 0x00000000fe000000, 0x00000000fe100000|  0%| F|  |TAMS 0x00000000fe000000, 0x00000000fe000000| Untracked 
|  33|0x00000000fe100000, 0x00000000fe100000, 0x00000000fe200000|  0%| F|  |TAMS 0x00000000fe100000, 0x00000000fe100000| Untracked 
|  34|0x00000000fe200000, 0x00000000fe200000, 0x00000000fe300000|  0%| F|  |TAMS 0x00000000fe200000, 0x00000000fe200000| Untracked 
|  35|0x00000000fe300000, 0x00000000fe300000, 0x00000000fe400000|  0%| F|  |TAMS 0x00000000fe300000, 0x00000000fe300000| Untracked 
|  36|0x00000000fe400000, 0x00000000fe400000, 0x00000000fe500000|  0%| F|  |TAMS 0x00000000fe400000, 0x00000000fe400000| Untracked 
|  37|0x00000000fe500000, 0x00000000fe500000, 0x00000000fe600000|  0%| F|  |TAMS 0x00000000fe500000, 0x00000000fe500000| Untracked 
|  38|0x00000000fe600000, 0x00000000fe600000, 0x00000000fe700000|  0%| F|  |TAMS 0x00000000fe600000, 0x00000000fe600000| Untracked 
|  39|0x00000000fe700000, 0x00000000fe700000, 0x00000000fe800000|  0%| F|  |TAMS 0x00000000fe700000, 0x00000000fe700000| Untracked 
|  40|0x00000000fe800000, 0x00000000fe800000, 0x00000000fe900000|  0%| F|  |TAMS 0x00000000fe800000, 0x00000000fe800000| Untracked 
|  41|0x00000000fe900000, 0x00000000fe900000, 0x00000000fea00000|  0%| F|  |TAMS 0x00000000fe900000, 0x00000000fe900000| Untracked 
|  42|0x00000000fea00000, 0x00000000fea00000, 0x00000000feb00000|  0%| F|  |TAMS 0x00000000fea00000, 0x00000000fea00000| Untracked 
|  43|0x00000000feb00000, 0x00000000feb00000, 0x00000000fec00000|  0%| F|  |TAMS 0x00000000feb00000, 0x00000000feb00000| Untracked 
|  44|0x00000000fec00000, 0x00000000fec00000, 0x00000000fed00000|  0%| F|  |TAMS 0x00000000fec00000, 0x00000000fec00000| Untracked 
|  45|0x00000000fed00000, 0x00000000fed00000, 0x00000000fee00000|  0%| F|  |TAMS 0x00000000fed00000, 0x00000000fed00000| Untracked 
|  46|0x00000000fee00000, 0x00000000fee00000, 0x00000000fef00000|  0%| F|  |TAMS 0x00000000fee00000, 0x00000000fee00000| Untracked 
|  47|0x00000000fef00000, 0x00000000fef00000, 0x00000000ff000000|  0%| F|  |TAMS 0x00000000fef00000, 0x00000000fef00000| Untracked 
|  48|0x00000000ff000000, 0x00000000ff000000, 0x00000000ff100000|  0%| F|  |TAMS 0x00000000ff000000, 0x00000000ff000000| Untracked 
|  49|0x00000000ff100000, 0x00000000ff100000, 0x00000000ff200000|  0%| F|  |TAMS 0x00000000ff100000, 0x00000000ff100000| Untracked 
|  50|0x00000000ff200000, 0x00000000ff200000, 0x00000000ff300000|  0%| F|  |TAMS 0x00000000ff200000, 0x00000000ff200000| Untracked 
|  51|0x00000000ff300000, 0x00000000ff300000, 0x00000000ff400000|  0%| F|  |TAMS 0x00000000ff300000, 0x00000000ff300000| Untracked 
|  52|0x00000000ff400000, 0x00000000ff400000, 0x00000000ff500000|  0%| F|  |TAMS 0x00000000ff400000, 0x00000000ff400000| Untracked 
|  53|0x00000000ff500000, 0x00000000ff500000, 0x00000000ff600000|  0%| F|  |TAMS 0x00000000ff500000, 0x00000000ff500000| Untracked 
|  54|0x00000000ff600000, 0x00000000ff600000, 0x00000000ff700000|  0%| F|  |TAMS 0x00000000ff600000, 0x00000000ff600000| Untracked 
|  55|0x00000000ff700000, 0x00000000ff700000, 0x00000000ff800000|  0%| F|  |TAMS 0x00000000ff700000, 0x00000000ff700000| Untracked 
|  56|0x00000000ff800000, 0x00000000ff800000, 0x00000000ff900000|  0%| F|  |TAMS 0x00000000ff800000, 0x00000000ff800000| Untracked 
|  57|0x00000000ff900000, 0x00000000ff900000, 0x00000000ffa00000|  0%| F|  |TAMS 0x00000000ff900000, 0x00000000ff900000| Untracked 
|  58|0x00000000ffa00000, 0x00000000ffa48648, 0x00000000ffb00000| 28%| E|  |TAMS 0x00000000ffa00000, 0x00000000ffa00000| Complete 
|  59|0x00000000ffb00000, 0x00000000ffc00000, 0x00000000ffc00000|100%| E|CS|TAMS 0x00000000ffb00000, 0x00000000ffb00000| Complete 
|  60|0x00000000ffc00000, 0x00000000ffd00000, 0x00000000ffd00000|100%| E|CS|TAMS 0x00000000ffc00000, 0x00000000ffc00000| Complete 
|  61|0x00000000ffd00000, 0x00000000ffe00000, 0x00000000ffe00000|100%| E|CS|TAMS 0x00000000ffd00000, 0x00000000ffd00000| Complete 
|  62|0x00000000ffe00000, 0x00000000fff00000, 0x00000000fff00000|100%| E|CS|TAMS 0x00000000ffe00000, 0x00000000ffe00000| Complete 
|  63|0x00000000fff00000, 0x0000000100000000, 0x0000000100000000|100%| E|CS|TAMS 0x00000000fff00000, 0x00000000fff00000| Complete 

Card table byte_map: [0x000001c9352c0000,0x000001c9352e0000] _byte_map_base: 0x000001c934ae0000

Marking Bits (Prev, Next): (CMBitMap*) 0x000001c91c7a3680, (CMBitMap*) 0x000001c91c7a36c0
 Prev Bits: [0x000001c935300000, 0x000001c935400000)
 Next Bits: [0x000001c935400000, 0x000001c935500000)

Polling page: 0x000001c91c4b0000

Metaspace:

Usage:
  Non-class:      8.04 MB used.
      Class:      1.22 MB used.
       Both:      9.26 MB used.

Virtual space:
  Non-class space:       64.00 MB reserved,       8.12 MB ( 13%) committed,  1 nodes.
      Class space:        1.00 GB reserved,       1.31 MB ( <1%) committed,  1 nodes.
             Both:        1.06 GB reserved,       9.44 MB ( <1%) committed. 

Chunk freelists:
   Non-Class:  7.69 MB
       Class:  14.52 MB
        Both:  22.20 MB

MaxMetaspaceSize: unlimited
CompressedClassSpaceSize: 1.00 GB
Initial GC threshold: 21.00 MB
Current GC threshold: 21.00 MB
CDS: on
MetaspaceReclaimPolicy: balanced
 - commit_granule_bytes: 65536.
 - commit_granule_words: 8192.
 - virtual_space_node_default_size: 8388608.
 - enlarge_chunks_in_place: 1.
 - new_chunks_are_fully_committed: 0.
 - uncommit_free_chunks: 1.
 - use_allocation_guard: 0.
 - handle_deallocations: 1.


Internal statistics:

num_allocs_failed_limit: 0.
num_arena_births: 72.
num_arena_deaths: 0.
num_vsnodes_births: 2.
num_vsnodes_deaths: 0.
num_space_committed: 151.
num_space_uncommitted: 0.
num_chunks_returned_to_freelist: 0.
num_chunks_taken_from_freelist: 331.
num_chunk_merges: 0.
num_chunk_splits: 218.
num_chunks_enlarged: 180.
num_inconsistent_stats: 0.

CodeHeap 'non-profiled nmethods': size=120000Kb used=710Kb max_used=710Kb free=119289Kb
 bounds [0x000001c92d0c0000, 0x000001c92d330000, 0x000001c9345f0000]
CodeHeap 'profiled nmethods': size=120000Kb used=3275Kb max_used=3275Kb free=116724Kb
 bounds [0x000001c9255f0000, 0x000001c925930000, 0x000001c92cb20000]
CodeHeap 'non-nmethods': size=5760Kb used=1166Kb max_used=1188Kb free=4593Kb
 bounds [0x000001c92cb20000, 0x000001c92cd90000, 0x000001c92d0c0000]
 total_blobs=2207 nmethods=1742 adapters=378
 compilation: enabled
              stopped_count=0, restarted_count=0
 full_count=0

Compilation events (20 events):
Event: 25.996 Thread 0x000001c97915c360 1731       3       java.util.concurrent.ScheduledThreadPoolExecutor$DelayedWorkQueue::add (9 bytes)
Event: 25.997 Thread 0x000001c97915c360 nmethod 1731 0x000001c92591ab10 code [0x000001c92591acc0, 0x000001c92591af88]
Event: 25.997 Thread 0x000001c97915c360 1732       3       java.util.concurrent.ScheduledThreadPoolExecutor$DelayedWorkQueue::add (6 bytes)
Event: 25.997 Thread 0x000001c97915c360 nmethod 1732 0x000001c92591b090 code [0x000001c92591b240, 0x000001c92591b388]
Event: 26.093 Thread 0x000001c97915c360 1733       3       java.util.concurrent.ScheduledThreadPoolExecutor$DelayedWorkQueue::finishPoll (43 bytes)
Event: 26.094 Thread 0x000001c97915c360 nmethod 1733 0x000001c92591b410 code [0x000001c92591b5e0, 0x000001c92591bbe8]
Event: 26.094 Thread 0x000001c97915c360 1734       3       java.util.concurrent.ThreadPoolExecutor$Worker::lock (6 bytes)
Event: 26.094 Thread 0x000001c97915c360 nmethod 1734 0x000001c92591bd90 code [0x000001c92591bf20, 0x000001c92591c068]
Event: 26.094 Thread 0x000001c97915c360 1735       3       java.util.concurrent.Executors$RunnableAdapter::call (14 bytes)
Event: 26.094 Thread 0x000001c97915c360 nmethod 1735 0x000001c92591c110 code [0x000001c92591c2c0, 0x000001c92591c4a8]
Event: 26.306 Thread 0x000001c97915c360 1736       3       com.google.common.base.Objects::equal (23 bytes)
Event: 26.306 Thread 0x000001c979151980 1737       4       java.util.ArrayList$Itr::checkForComodification (23 bytes)
Event: 26.306 Thread 0x000001c97915c360 nmethod 1736 0x000001c92591c590 code [0x000001c92591c740, 0x000001c92591c9c8]
Event: 26.306 Thread 0x000001c97915c360 1738       3       org.gradle.internal.logging.console.MultiLineBuildProgressArea::parkCursor (26 bytes)
Event: 26.307 Thread 0x000001c97915c360 nmethod 1738 0x000001c92591ca90 code [0x000001c92591cc60, 0x000001c92591cff8]
Event: 26.307 Thread 0x000001c979151980 nmethod 1737 0x000001c92d171610 code [0x000001c92d171780, 0x000001c92d171838]
Event: 26.806 Thread 0x000001c97915c360 1739       3       org.gradle.internal.logging.console.ProgressBar::formatProgress (315 bytes)
Event: 28.095 Thread 0x000001c979151980 1744       4       org.gradle.internal.operations.OperationIdentifier::equals (47 bytes)
Event: 30.825 Thread 0x000001c97915c360 nmethod 1739 0x000001c92591d190 code [0x000001c92591d6a0, 0x000001c92591fc48]
Event: 30.825 Thread 0x000001c97915c360 1742       3       org.fusesource.jansi.Ansi::_appendEscapeSequence (83 bytes)

GC Heap History (4 events):
Event: 0.229 GC heap before
{Heap before GC invocations=0 (full 0):
 garbage-first heap   total 65536K, used 22528K [0x00000000fc000000, 0x0000000100000000)
  region size 1024K, 23 young (23552K), 0 survivors (0K)
 Metaspace       used 1762K, committed 1856K, reserved 1114112K
  class space    used 160K, committed 192K, reserved 1048576K
}
Event: 0.232 GC heap after
{Heap after GC invocations=1 (full 0):
 garbage-first heap   total 65536K, used 2048K [0x00000000fc000000, 0x0000000100000000)
  region size 1024K, 2 young (2048K), 2 survivors (2048K)
 Metaspace       used 1762K, committed 1856K, reserved 1114112K
  class space    used 160K, committed 192K, reserved 1048576K
}
Event: 0.718 GC heap before
{Heap before GC invocations=1 (full 0):
 garbage-first heap   total 65536K, used 34816K [0x00000000fc000000, 0x0000000100000000)
  region size 1024K, 32 young (32768K), 2 survivors (2048K)
 Metaspace       used 7789K, committed 8064K, reserved 1114112K
  class space    used 1058K, committed 1216K, reserved 1048576K
}
Event: 0.724 GC heap after
{Heap after GC invocations=2 (full 0):
 garbage-first heap   total 65536K, used 11380K [0x00000000fc000000, 0x0000000100000000)
  region size 1024K, 4 young (4096K), 4 survivors (4096K)
 Metaspace       used 7789K, committed 8064K, reserved 1114112K
  class space    used 1058K, committed 1216K, reserved 1048576K
}

Deoptimization events (20 events):
Event: 0.690 Thread 0x000001c91c7824e0 Uncommon trap: trap_request=0xffffff45 fr.pc=0x000001c92d135554 relative=0x0000000000001934
Event: 0.690 Thread 0x000001c91c7824e0 Uncommon trap: reason=unstable_if action=reinterpret pc=0x000001c92d135554 method=java.io.WinNTFileSystem.normalize(Ljava/lang/String;)Ljava/lang/String; @ 128 c2
Event: 0.690 Thread 0x000001c91c7824e0 DEOPT PACKING pc=0x000001c92d135554 sp=0x000000ab74ffc020
Event: 0.690 Thread 0x000001c91c7824e0 DEOPT UNPACKING pc=0x000001c92cb723a3 sp=0x000000ab74ffbff8 mode 2
Event: 0.748 Thread 0x000001c91c7824e0 Uncommon trap: trap_request=0xffffff45 fr.pc=0x000001c92d10492c relative=0x000000000000060c
Event: 0.748 Thread 0x000001c91c7824e0 Uncommon trap: reason=unstable_if action=reinterpret pc=0x000001c92d10492c method=java.lang.AbstractStringBuilder.append(Ljava/lang/String;)Ljava/lang/AbstractStringBuilder; @ 1 c2
Event: 0.748 Thread 0x000001c91c7824e0 DEOPT PACKING pc=0x000001c92d10492c sp=0x000000ab74ffcd50
Event: 0.748 Thread 0x000001c91c7824e0 DEOPT UNPACKING pc=0x000001c92cb723a3 sp=0x000000ab74ffcce0 mode 2
Event: 0.759 Thread 0x000001c91c7824e0 Uncommon trap: trap_request=0xffffffde fr.pc=0x000001c92d0f3974 relative=0x0000000000000074
Event: 0.759 Thread 0x000001c91c7824e0 Uncommon trap: reason=class_check action=maybe_recompile pc=0x000001c92d0f3974 method=java.util.AbstractList$Itr.hasNext()Z @ 8 c2
Event: 0.759 Thread 0x000001c91c7824e0 DEOPT PACKING pc=0x000001c92d0f3974 sp=0x000000ab74ffc710
Event: 0.759 Thread 0x000001c91c7824e0 DEOPT UNPACKING pc=0x000001c92cb723a3 sp=0x000000ab74ffc6a8 mode 2
Event: 0.783 Thread 0x000001c91c7824e0 Uncommon trap: trap_request=0xffffffde fr.pc=0x000001c92d0f3974 relative=0x0000000000000074
Event: 0.783 Thread 0x000001c91c7824e0 Uncommon trap: reason=class_check action=maybe_recompile pc=0x000001c92d0f3974 method=java.util.AbstractList$Itr.hasNext()Z @ 8 c2
Event: 0.783 Thread 0x000001c91c7824e0 DEOPT PACKING pc=0x000001c92d0f3974 sp=0x000000ab74ffbeb0
Event: 0.783 Thread 0x000001c91c7824e0 DEOPT UNPACKING pc=0x000001c92cb723a3 sp=0x000000ab74ffbe48 mode 2
Event: 0.794 Thread 0x000001c91c7824e0 Uncommon trap: trap_request=0xffffffde fr.pc=0x000001c92d0f3974 relative=0x0000000000000074
Event: 0.794 Thread 0x000001c91c7824e0 Uncommon trap: reason=class_check action=maybe_recompile pc=0x000001c92d0f3974 method=java.util.AbstractList$Itr.hasNext()Z @ 8 c2
Event: 0.794 Thread 0x000001c91c7824e0 DEOPT PACKING pc=0x000001c92d0f3974 sp=0x000000ab74ffcee0
Event: 0.794 Thread 0x000001c91c7824e0 DEOPT UNPACKING pc=0x000001c92cb723a3 sp=0x000000ab74ffce78 mode 2

Classes unloaded (0 events):
No events

Classes redefined (0 events):
No events

Internal exceptions (18 events):
Event: 0.079 Thread 0x000001c91c7824e0 Exception <a 'java/lang/NoSuchMethodError'{0x00000000ffc00ae0}: 'int java.lang.invoke.DirectMethodHandle$Holder.invokeStaticInit(java.lang.Object, java.lang.Object)'> (0x00000000ffc00ae0) 
thrown [s\open\src\hotspot\share\interpreter\linkResolver.cpp, line 759]
Event: 0.364 Thread 0x000001c91c7824e0 Exception <a 'java/lang/NoSuchMethodError'{0x00000000ff5ac628}: 'int java.lang.invoke.DirectMethodHandle$Holder.invokeStatic(java.lang.Object, java.lang.Object, int)'> (0x00000000ff5ac628) 
thrown [s\open\src\hotspot\share\interpreter\linkResolver.cpp, line 759]
Event: 0.414 Thread 0x000001c91c7824e0 Exception <a 'java/lang/NoSuchMethodError'{0x00000000ff151a80}: 'java.lang.Object java.lang.invoke.DirectMethodHandle$Holder.invokeStaticInit(java.lang.Object)'> (0x00000000ff151a80) 
thrown [s\open\src\hotspot\share\interpreter\linkResolver.cpp, line 759]
Event: 0.421 Thread 0x000001c91c7824e0 Exception <a 'java/lang/NoSuchMethodError'{0x00000000ff16c748}: 'int java.lang.invoke.DirectMethodHandle$Holder.invokeSpecial(java.lang.Object, java.lang.Object, java.lang.Object)'> (0x00000000ff16c748) 
thrown [s\open\src\hotspot\share\interpreter\linkResolver.cpp, line 759]
Event: 0.425 Thread 0x000001c91c7824e0 Exception <a 'java/lang/NoSuchMethodError'{0x00000000ff1aa9f8}: 'void java.lang.invoke.DirectMethodHandle$Holder.invokeStatic(java.lang.Object, java.lang.Object)'> (0x00000000ff1aa9f8) 
thrown [s\open\src\hotspot\share\interpreter\linkResolver.cpp, line 759]
Event: 0.426 Thread 0x000001c91c7824e0 Implicit null exception at 0x000001c92d11b90a to 0x000001c92d11be40
Event: 0.453 Thread 0x000001c91c7824e0 Exception <a 'java/lang/NoSuchMethodError'{0x00000000fef58290}: 'java.lang.Object java.lang.invoke.Invokers$Holder.invoker(java.lang.Object, java.lang.Object, java.lang.Object)'> (0x00000000fef58290) 
thrown [s\open\src\hotspot\share\interpreter\linkResolver.cpp, line 759]
Event: 0.454 Thread 0x000001c91c7824e0 Exception <a 'java/lang/NoSuchMethodError'{0x00000000fef613e8}: 'java.lang.Object java.lang.invoke.DirectMethodHandle$Holder.invokeStatic(java.lang.Object, java.lang.Object, int)'> (0x00000000fef613e8) 
thrown [s\open\src\hotspot\share\interpreter\linkResolver.cpp, line 759]
Event: 0.454 Thread 0x000001c91c7824e0 Exception <a 'java/lang/NoSuchMethodError'{0x00000000fef6d0d8}: 'void java.lang.invoke.DelegatingMethodHandle$Holder.delegate(java.lang.Object, java.lang.Object, int, java.lang.Object)'> (0x00000000fef6d0d8) 
thrown [s\open\src\hotspot\share\interpreter\linkResolver.cpp, line 759]
Event: 0.457 Thread 0x000001c91c7824e0 Exception <a 'java/lang/NoSuchMethodError'{0x00000000fef80960}: 'java.lang.Object java.lang.invoke.Invokers$Holder.invokeExact_MT(java.lang.Object, java.lang.Object, java.lang.Object, java.lang.Object)'> (0x00000000fef80960) 
thrown [s\open\src\hotspot\share\interpreter\linkResolver.cpp, line 759]
Event: 0.460 Thread 0x000001c91c7824e0 Exception <a 'java/lang/NoSuchMethodError'{0x00000000fefa6ad0}: 'java.lang.Object java.lang.invoke.DirectMethodHandle$Holder.invokeVirtual(java.lang.Object, java.lang.Object, java.lang.Object)'> (0x00000000fefa6ad0) 
thrown [s\open\src\hotspot\share\interpreter\linkResolver.cpp, line 759]
Event: 0.513 Thread 0x000001c91c7824e0 Exception <a 'java/lang/NoSuchMethodError'{0x00000000feb97dd0}: 'java.lang.Object java.lang.invoke.DirectMethodHandle$Holder.newInvokeSpecial(java.lang.Object, java.lang.Object, java.lang.Object, java.lang.Object, java.lang.Object)'> (0x00000000feb97dd0) 
thrown [s\open\src\hotspot\share\interpreter\linkResolver.cpp, line 759]
Event: 0.525 Thread 0x000001c91c7824e0 Exception <a 'java/lang/NoSuchMethodError'{0x00000000feacb760}: 'void java.lang.invoke.DirectMethodHandle$Holder.invokeSpecial(java.lang.Object, java.lang.Object, java.lang.Object)'> (0x00000000feacb760) 
thrown [s\open\src\hotspot\share\interpreter\linkResolver.cpp, line 759]
Event: 0.528 Thread 0x000001c91c7824e0 Implicit null exception at 0x000001c92d10618f to 0x000001c92d1066bc
Event: 0.625 Thread 0x000001c91c7824e0 Exception <a 'java/lang/NoSuchMethodError'{0x00000000fe6e66b0}: 'void java.lang.invoke.DirectMethodHandle$Holder.invokeStatic(java.lang.Object, java.lang.Object, java.lang.Object)'> (0x00000000fe6e66b0) 
thrown [s\open\src\hotspot\share\interpreter\linkResolver.cpp, line 759]
Event: 0.668 Thread 0x000001c91c7824e0 Exception <a 'java/lang/NoSuchMethodError'{0x00000000fe064c70}: 'java.lang.Object java.lang.invoke.DirectMethodHandle$Holder.invokeStaticInit(java.lang.Object, int, int, int, int)'> (0x00000000fe064c70) 
thrown [s\open\src\hotspot\share\interpreter\linkResolver.cpp, line 759]
Event: 0.737 Thread 0x000001c91c7824e0 Exception <a 'java/lang/NoSuchMethodError'{0x00000000fff3fcf0}: 'java.lang.Object java.lang.invoke.DirectMethodHandle$Holder.invokeStaticInit(java.lang.Object, java.lang.Object, int, int, int, int)'> (0x00000000fff3fcf0) 
thrown [s\open\src\hotspot\share\interpreter\linkResolver.cpp, line 759]
Event: 0.748 Thread 0x000001c91c7824e0 Implicit null exception at 0x000001c92d104355 to 0x000001c92d104914

VM Operations (20 events):
Event: 12.645 Executing VM operation: Cleanup
Event: 12.646 Executing VM operation: Cleanup done
Event: 13.657 Executing VM operation: Cleanup
Event: 13.657 Executing VM operation: Cleanup done
Event: 14.660 Executing VM operation: Cleanup
Event: 14.660 Executing VM operation: Cleanup done
Event: 15.665 Executing VM operation: Cleanup
Event: 15.665 Executing VM operation: Cleanup done
Event: 16.675 Executing VM operation: Cleanup
Event: 16.675 Executing VM operation: Cleanup done
Event: 18.691 Executing VM operation: Cleanup
Event: 18.692 Executing VM operation: Cleanup done
Event: 21.729 Executing VM operation: Cleanup
Event: 23.429 Executing VM operation: Cleanup done
Event: 24.442 Executing VM operation: Cleanup
Event: 24.442 Executing VM operation: Cleanup done
Event: 25.458 Executing VM operation: Cleanup
Event: 25.458 Executing VM operation: Cleanup done
Event: 26.474 Executing VM operation: Cleanup
Event: 26.474 Executing VM operation: Cleanup done

Events (20 events):
Event: 5.651 loading class jdk/internal/logger/LoggerFinderLoader
Event: 5.652 loading class jdk/internal/logger/LoggerFinderLoader done
Event: 5.652 loading class jdk/internal/logger/LoggerFinderLoader$TemporaryLoggerFinder
Event: 5.652 loading class jdk/internal/logger/LoggerFinderLoader$TemporaryLoggerFinder done
Event: 5.652 loading class sun/util/logging/internal/LoggingProviderImpl$JULWrapper
Event: 5.653 loading class sun/util/logging/PlatformLogger$ConfigurableBridge$LoggerConfiguration
Event: 5.653 loading class sun/util/logging/PlatformLogger$ConfigurableBridge$LoggerConfiguration done
Event: 5.653 loading class sun/util/logging/internal/LoggingProviderImpl$JULWrapper done
Event: 5.653 loading class java/io/ObjectInputFilter
Event: 5.654 loading class java/io/ObjectInputFilter done
Event: 5.654 loading class java/io/ObjectInputFilter$Config$BuiltinFilterFactory
Event: 5.654 loading class java/io/ObjectInputFilter$Config$BuiltinFilterFactory done
Event: 5.654 loading class jdk/internal/access/JavaObjectInputFilterAccess
Event: 5.654 loading class jdk/internal/access/JavaObjectInputFilterAccess done
Event: 5.654 loading class java/lang/System$Logger$Level
Event: 5.655 loading class java/lang/System$Logger$Level done
Event: 5.655 loading class java/io/Bits
Event: 5.655 loading class java/io/Bits done
Event: 6.610 loading class java/util/ArrayList$ListItr
Event: 6.610 loading class java/util/ArrayList$ListItr done


Dynamic libraries:
0x00007ff669200000 - 0x00007ff669210000 	C:\Program Files\Java\jdk-17\bin\java.exe
0x00007fff4fd60000 - 0x00007fff4ffc7000 	C:\WINDOWS\SYSTEM32\ntdll.dll
0x00007fff4ddd0000 - 0x00007fff4de99000 	C:\WINDOWS\System32\KERNEL32.DLL
0x00007fff4d700000 - 0x00007fff4daef000 	C:\WINDOWS\System32\KERNELBASE.dll
0x00007fff4d230000 - 0x00007fff4d37b000 	C:\WINDOWS\System32\ucrtbase.dll
0x00007fff3dc30000 - 0x00007fff3dc4b000 	C:\Program Files\Java\jdk-17\bin\VCRUNTIME140.dll
0x00007fff3dc50000 - 0x00007fff3dc69000 	C:\Program Files\Java\jdk-17\bin\jli.dll
0x00007fff4ef80000 - 0x00007fff4f034000 	C:\WINDOWS\System32\ADVAPI32.dll
0x00007fff4e800000 - 0x00007fff4e8a9000 	C:\WINDOWS\System32\msvcrt.dll
0x00007fff4ec60000 - 0x00007fff4ed06000 	C:\WINDOWS\System32\sechost.dll
0x00007fff4e940000 - 0x00007fff4ea58000 	C:\WINDOWS\System32\RPCRT4.dll
0x00007fff4dc00000 - 0x00007fff4ddc5000 	C:\WINDOWS\System32\USER32.dll
0x00007fff4d140000 - 0x00007fff4d167000 	C:\WINDOWS\System32\win32u.dll
0x00007fff2be00000 - 0x00007fff2c093000 	C:\WINDOWS\WinSxS\amd64_microsoft.windows.common-controls_6595b64144ccf1df_6.0.26100.7309_none_3e05feeae336a044\COMCTL32.dll
0x00007fff4e690000 - 0x00007fff4e6bb000 	C:\WINDOWS\System32\GDI32.dll
0x00007fff4cf60000 - 0x00007fff4d08c000 	C:\WINDOWS\System32\gdi32full.dll
0x00007fff4d090000 - 0x00007fff4d133000 	C:\WINDOWS\System32\msvcp_win.dll
0x00007fff4a510000 - 0x00007fff4a51b000 	C:\WINDOWS\SYSTEM32\VERSION.dll
0x00007fff4df60000 - 0x00007fff4df91000 	C:\WINDOWS\System32\IMM32.DLL
0x00007fff3dc20000 - 0x00007fff3dc2c000 	C:\Program Files\Java\jdk-17\bin\vcruntime140_1.dll
0x00007fff3d800000 - 0x00007fff3d88e000 	C:\Program Files\Java\jdk-17\bin\msvcp140.dll
0x00007ffebd2b0000 - 0x00007ffebde90000 	C:\Program Files\Java\jdk-17\bin\server\jvm.dll
0x00007fff4f040000 - 0x00007fff4f048000 	C:\WINDOWS\System32\PSAPI.DLL
0x00007fff43f80000 - 0x00007fff43f8a000 	C:\WINDOWS\SYSTEM32\WSOCK32.dll
0x00007fff4ef00000 - 0x00007fff4ef74000 	C:\WINDOWS\System32\WS2_32.dll
0x00007fff462c0000 - 0x00007fff462f5000 	C:\WINDOWS\SYSTEM32\WINMM.dll
0x00007fff4bc60000 - 0x00007fff4bc7b000 	C:\WINDOWS\SYSTEM32\kernel.appcore.dll
0x00007fff3d7f0000 - 0x00007fff3d7fa000 	C:\Program Files\Java\jdk-17\bin\jimage.dll
0x00007fff47720000 - 0x00007fff47962000 	C:\WINDOWS\SYSTEM32\DBGHELP.DLL
0x00007fff4f7b0000 - 0x00007fff4fb36000 	C:\WINDOWS\System32\combase.dll
0x00007fff4e710000 - 0x00007fff4e7e6000 	C:\WINDOWS\System32\OLEAUT32.dll
0x00007fff2c0a0000 - 0x00007fff2c0dc000 	C:\WINDOWS\SYSTEM32\dbgcore.DLL
0x00007fff4ceb0000 - 0x00007fff4cf55000 	C:\WINDOWS\System32\bcryptPrimitives.dll
0x00007fff3d7c0000 - 0x00007fff3d7e5000 	C:\Program Files\Java\jdk-17\bin\java.dll
0x00007fff2aaf0000 - 0x00007fff2abc7000 	C:\Program Files\Java\jdk-17\bin\jsvml.dll
0x00007fff4f050000 - 0x00007fff4f7a3000 	C:\WINDOWS\System32\SHELL32.dll
0x00007fff4d590000 - 0x00007fff4d6fa000 	C:\WINDOWS\System32\wintypes.dll
0x00007fff4aab0000 - 0x00007fff4b30e000 	C:\WINDOWS\SYSTEM32\windows.storage.dll
0x00007fff4e0f0000 - 0x00007fff4e1e5000 	C:\WINDOWS\System32\SHCORE.dll
0x00007fff4e080000 - 0x00007fff4e0e6000 	C:\WINDOWS\System32\shlwapi.dll
0x00007fff4cdd0000 - 0x00007fff4cdf9000 	C:\WINDOWS\SYSTEM32\profapi.dll
0x00007fff3d7a0000 - 0x00007fff3d7b9000 	C:\Program Files\Java\jdk-17\bin\net.dll
0x00007fff43a40000 - 0x00007fff43b68000 	C:\WINDOWS\SYSTEM32\WINHTTP.dll
0x00007fff4c1d0000 - 0x00007fff4c23b000 	C:\WINDOWS\system32\mswsock.dll
0x00007fff3d780000 - 0x00007fff3d796000 	C:\Program Files\Java\jdk-17\bin\nio.dll
0x00007fff3d760000 - 0x00007fff3d778000 	C:\Program Files\Java\jdk-17\bin\zip.dll
0x00007fff3d750000 - 0x00007fff3d75a000 	C:\Program Files\Java\jdk-17\bin\management.dll
0x00007fff3d740000 - 0x00007fff3d74b000 	C:\Program Files\Java\jdk-17\bin\management_ext.dll
0x00007fff3d730000 - 0x00007fff3d740000 	C:\Program Files\Java\jdk-17\bin\verify.dll
0x00007fff3d700000 - 0x00007fff3d727000 	C:\Users\hp\.gradle\native\1def1411415f61bf3af743bc5b6707747c0891f09f0c88961ee8f79bc544acac\windows-amd64\native-platform.dll
0x00007fff4a290000 - 0x00007fff4a29a000 	C:\Users\hp\.gradle\native\jansi\1.18\windows64\jansi.dll
0x00007fff4b7a0000 - 0x00007fff4b7d4000 	C:\WINDOWS\SYSTEM32\IPHLPAPI.DLL
0x00007fff4e930000 - 0x00007fff4e93a000 	C:\WINDOWS\System32\NSI.dll
0x00007fff46520000 - 0x00007fff4653e000 	C:\WINDOWS\SYSTEM32\dhcpcsvc6.DLL
0x00007fff464f0000 - 0x00007fff46513000 	C:\WINDOWS\SYSTEM32\dhcpcsvc.DLL
0x00007fff4b7e0000 - 0x00007fff4b90c000 	C:\WINDOWS\SYSTEM32\DNSAPI.dll
0x00007fff4c4a0000 - 0x00007fff4c4bb000 	C:\WINDOWS\SYSTEM32\CRYPTSP.dll
0x00007fff4bbc0000 - 0x00007fff4bbfa000 	C:\WINDOWS\system32\rsaenh.dll
0x00007fff4c280000 - 0x00007fff4c2ab000 	C:\WINDOWS\SYSTEM32\USERENV.dll
0x00007fff4cda0000 - 0x00007fff4cdca000 	C:\WINDOWS\SYSTEM32\bcrypt.dll
0x00007fff4c490000 - 0x00007fff4c49c000 	C:\WINDOWS\SYSTEM32\CRYPTBASE.dll
0x00007fff2c230000 - 0x00007fff2c23e000 	C:\Program Files\Java\jdk-17\bin\sunmscapi.dll
0x00007fff4d410000 - 0x00007fff4d587000 	C:\WINDOWS\System32\CRYPT32.dll
0x00007fff4c6b0000 - 0x00007fff4c6e0000 	C:\WINDOWS\SYSTEM32\ncrypt.dll
0x00007fff4c660000 - 0x00007fff4c69f000 	C:\WINDOWS\SYSTEM32\NTASN1.dll
0x00007fff23ac0000 - 0x00007fff23ac8000 	C:\WINDOWS\system32\wshunix.dll

dbghelp: loaded successfully - version: 4.0.5 - missing functions: none
symbol engine: initialized successfully - sym options: 0x614 - pdb path: .;C:\Program Files\Java\jdk-17\bin;C:\WINDOWS\SYSTEM32;C:\WINDOWS\WinSxS\amd64_microsoft.windows.common-controls_6595b64144ccf1df_6.0.26100.7309_none_3e05feeae336a044;C:\Program Files\Java\jdk-17\bin\server;C:\Users\hp\.gradle\native\1def1411415f61bf3af743bc5b6707747c0891f09f0c88961ee8f79bc544acac\windows-amd64;C:\Users\hp\.gradle\native\jansi\1.18\windows64

VM Arguments:
jvm_args: -Xmx64m -Xms64m -Dorg.gradle.appname=gradlew 
java_command: C:\Users\hp\Desktop\AIB Innovations\TiffinDeliveryFrontend-2\android\\gradle\wrapper\gradle-wrapper.jar app:installDebug -PreactNativeDevServerPort=8081
java_class_path (initial): C:\Users\hp\Desktop\AIB Innovations\TiffinDeliveryFrontend-2\android\\gradle\wrapper\gradle-wrapper.jar
Launcher Type: SUN_STANDARD

[Global flags]
     intx CICompilerCount                          = 4                                         {product} {ergonomic}
     uint ConcGCThreads                            = 3                                         {product} {ergonomic}
     uint G1ConcRefinementThreads                  = 10                                        {product} {ergonomic}
   size_t G1HeapRegionSize                         = 1048576                                   {product} {ergonomic}
    uintx GCDrainStackTargetSize                   = 64                                        {product} {ergonomic}
   size_t InitialHeapSize                          = 67108864                                  {product} {command line}
   size_t MarkStackSize                            = 4194304                                   {product} {ergonomic}
   size_t MaxHeapSize                              = 67108864                                  {product} {command line}
   size_t MaxNewSize                               = 39845888                                  {product} {ergonomic}
   size_t MinHeapDeltaBytes                        = 1048576                                   {product} {ergonomic}
   size_t MinHeapSize                              = 67108864                                  {product} {command line}
    uintx NonNMethodCodeHeapSize                   = 5839372                                {pd product} {ergonomic}
    uintx NonProfiledCodeHeapSize                  = 122909434                              {pd product} {ergonomic}
    uintx ProfiledCodeHeapSize                     = 122909434                              {pd product} {ergonomic}
    uintx ReservedCodeCacheSize                    = 251658240                              {pd product} {ergonomic}
     bool SegmentedCodeCache                       = true                                      {product} {ergonomic}
   size_t SoftMaxHeapSize                          = 67108864                               {manageable} {ergonomic}
     bool UseCompressedClassPointers               = true                           {product lp64_product} {ergonomic}
     bool UseCompressedOops                        = true                           {product lp64_product} {ergonomic}
     bool UseG1GC                                  = true                                      {product} {ergonomic}
     bool UseLargePagesIndividualAllocation        = false                                  {pd product} {ergonomic}

Logging:
Log output configuration:
 #0: stdout all=warning uptime,level,tags
 #1: stderr all=off uptime,level,tags

Environment Variables:
JAVA_HOME=C:\Program Files\Java\jdk-17
PATH=C:\Users\hp\Desktop\AIB Innovations\TiffinDeliveryFrontend-2\node_modules\.bin;C:\Users\hp\Desktop\AIB Innovations\node_modules\.bin;C:\Users\hp\Desktop\node_modules\.bin;C:\Users\hp\node_modules\.bin;C:\Users\node_modules\.bin;C:\node_modules\.bin;C:\Users\hp\AppData\Local\nvm\v22.12.0\node_modules\npm\node_modules\@npmcli\run-script\lib\node-gyp-bin;C:\Program Files\Common Files\Oracle\Java\javapath;C:\WINDOWS\system32;C:\WINDOWS;C:\WINDOWS\system32\Wbem;C:\WINDOWS\System32\WindowsPowerShell\v1.0\;C:\WINDOWS\System32\OpenSSH\;C:\Program Files\Microsoft VS Code\bin;C:\Users\hp\Downloads\jdk-20_windows-x64_bin.exe;C:\Program Files\MySQL\MySQL Server 8.0\bin;C:\Program Files\php-8.2.11;C:\ProgramData\chocolatey\bin;C:\Users\hp\AppData\Local\nvm;C:\nvm4w\nodejs;C:\Program Files\Git\cmd;C:\Program Files\nodejs\;C:\WINDOWS\System32\Wbem;C:\Program Files\Java\jdk-17\bin;C:\Users\hp\AppData\Local\Android\Sdk\platform-tools;c:\Users\hp\AppData\Local\Programs\Trae\bin;C:\Program Files\MySQL\MySQL Shell 8.0\bin\;C:\Users\hp\AppData\Local\Microsoft\WindowsApps;C:\MinGW\bin;C:\Users\hp\AppData\Local\Programs\cursor\resources\app\bin;C:\Users\hp\AppData\Local\GitHubDesktop\bin;C:\Users\hp\AppData\Local\nvm;C:\nvm4w\nodejs;C:\Users\hp\AppData\Roaming\npm;C:\Users\hp\AppData\Local\Microsoft\WindowsApps;C:\flutter\bin;C:\Users\hp\AppData\Local\Programs\Antigravity\bin
USERNAME=hp
LANG=en_US.UTF-8
OS=Windows_NT
PROCESSOR_IDENTIFIER=Intel64 Family 6 Model 154 Stepping 4, GenuineIntel



---------------  S Y S T E M  ---------------

OS:
 Windows 11 , 64 bit Build 26100 (10.0.26100.7623)
OS uptime: 0 days 2:00 hours
Hyper-V role detected

CPU: total 12 (initial active 12) (6 cores per cpu, 2 threads per core) family 6 model 154 stepping 4 microcode 0x42c, cx8, cmov, fxsr, ht, mmx, 3dnowpref, sse, sse2, sse3, ssse3, sse4.1, sse4.2, popcnt, lzcnt, tsc, tscinvbit, avx, avx2, aes, erms, clmul, bmi1, bmi2, adx, sha, fma, vzeroupper, clflush, clflushopt, clwb, hv

Memory: 4k page, system-wide physical 7863M (563M free)
TotalPageFile size 16055M (AvailPageFile size 16M)
current process WorkingSet (physical memory assigned to process): 103M, peak: 113M
current process commit charge ("private bytes"): 169M, peak: 177M

vm_info: Java HotSpot(TM) 64-Bit Server VM (17.0.12+8-LTS-286) for windows-amd64 JRE (17.0.12+8-LTS-286), built on Jun  5 2024 06:46:59 by "mach5one" with MS VC++ 17.6 (VS2022)

END.
